#"Step","Potential Energy (kJ/mole)","Kinetic Energy (kJ/mole)","Total Energy (kJ/mole)","Temperature (K)","Box Volume (nm^3)","Speed (ns/day)"
1400500,-40098.92351532935,7746.136390842359,-32352.78712448699,309.61982924851213,30.868002202520593,0
1401000,-40261.80955879014,7451.047701022729,-32810.761857767415,297.8248768819188,30.538188026193197,657
1401500,-40093.35788859387,7496.564719787,-32596.79316880687,299.6442318308396,30.505330734756132,658
1402000,-40386.396272882725,7644.245666677497,-32742.15060620523,305.5471681144753,30.127698726593636,651
1402500,-40154.372393133475,7474.468071376453,-32679.90432175702,298.7610095168191,29.977896784508957,633
1403000,-40035.78948006182,7340.385491142292,-32695.40398891953,293.40161181161216,30.336529083124418,635
1403500,-39747.86845258739,7367.803710146078,-32380.06474244131,294.49754194476685,30.36480609376395,640
1404000,-40199.38496925425,7569.221267999059,-32630.16370125519,302.548377448234,30.330030160549306,643
1404500,-39881.637504238286,7554.612585649565,-32327.024918588722,301.9644556701533,30.55743036703086,646
1405000,-40010.02653789746,7487.237853414447,-32522.78868448301,299.271428845198,30.436037506568592,641
1405500,-40038.790013285456,7282.7001979639435,-32756.089815321513,291.09588031879395,30.339080561830663,640
1406000,-40344.47607984877,7531.959542198015,-32812.51653765076,301.0589937609466,30.302966312494025,642
1406500,-40330.21381515331,7399.141329787593,-32931.072485365716,295.75013394068526,30.40040431289882,644
1407000,-39910.550011484454,7579.130661267028,-32331.419350217428,302.9444645420802,30.40040431289882,645
1407500,-39901.22577853291,7479.114295011711,-32422.111483521203,298.94672312887224,30.468767884028882,647
1408000,-39989.193387867905,7487.620932447514,-32501.57245542039,299.28674084834665,30.734621013036662,648
1408500,-40150.37513101984,7461.19118628768,-32689.18394473216,298.2303208371055,30.951310984465966,642
1409000,-39898.51320578657,7459.746592627958,-32438.766613158612,298.1725791682672,30.911173448197555,643
1409500,-40089.357524636776,7271.457422044086,-32817.90010259269,290.6464967571127,30.800995800510282,645
1410000,-40075.3404619734,7493.686526447071,-32581.65393552633,299.52918793211524,30.447398426065348,646
1410500,-40058.16843161484,7442.42768331709,-32615.74074829775,297.48032725414635,30.374196692967224,647
1411000,-40241.950301592886,7416.436124883725,-32825.51417670916,296.44142198860584,30.66190699385773,647
1411500,-40125.78173903423,7418.538424459125,-32707.243314575106,296.52545273667454,30.377628563921387,643
1412000,-40184.520536018026,7673.344394685915,-32511.17614133211,306.7102696586163,30.113937194655396,642
1412500,-40104.39650202074,7658.9760088788,-32445.42049314194,306.13595274296847,30.225944970420432,640
1413000,-39844.87041459672,7292.064370924518,-32552.8060436722,291.470174481305,30.10911207879434,639
1413500,-39872.11799302984,7403.950308960405,-32468.167684069434,295.94235303356174,30.369545351911224,640
1414000,-40182.356748659535,7711.354087254885,-32471.00266140465,308.22955023014174,29.829964750039796,641
1414500,-40289.10707540107,7256.839092431558,-33032.26798296951,290.0621893695123,30.2052213240349,642
1415000,-40369.810220332074,7338.685736227601,-33031.124484104475,293.3336711248108,30.30002273473165,643
1415500,-40257.45551469618,7274.562791254248,-32982.89272344193,290.7706210735578,30.499377946799537,642
1416000,-40413.80572602957,7340.472605380139,-33073.33312064943,293.4050938436971,30.351608444172978,640
1416500,-40188.712262443725,7366.535083253558,-32822.17717919017,294.44683382112646,30.16111763571803,640
1417000,-40266.80495814589,7382.33258050448,-32884.47237764141,295.07827356793587,30.0203507543385,635
1417500,-40168.822847252675,7380.833888687467,-32787.988958565205,295.01836954855554,30.46271116653314,633
1418000,-39965.31241605016,7363.4323004374455,-32601.880115612716,294.3228128851079,30.46271116653314,634
1418500,-39969.11599778693,7501.037383035766,-32468.078614751168,299.82300808283105,30.64861650399258,631
1419000,-39808.48230742568,7542.749808127172,-32265.732499298505,301.4902901035312,30.955132224918284,631
1419500,-39862.718741776844,7232.499724445095,-32630.21901733175,289.08932359750054,30.747638527240166,631
1420000,-39604.77676285835,7569.803294749912,-32034.97346810844,302.57164156522407,30.537312065592094,629
1420500,-40020.80566801797,7581.697797216948,-32439.107870801025,303.0470752055603,30.34451061397646,630
1421000,-40139.00889710636,7318.012020328172,-32820.99687677819,292.5073246646218,30.34451061397646,631
1421500,-40129.246830735756,7456.111080180257,-32673.1357505555,298.0272645641222,30.31708458396962,632
1422000,-40148.04526130737,7836.603168281211,-32311.442093026162,313.2358652656929,30.372850196839472,632
1422500,-39893.530679931275,7412.34000641915,-32481.190673512123,296.2776965601351,30.511891718145762,633
1423000,-40090.02606722518,7556.090084052687,-32533.935983172494,302.02351257029136,30.511891718145762,634
1423500,-39898.891333827494,7437.08260679071,-32461.808727036783,297.26667988235795,30.86738114956113,634
1424000,-39752.35399649124,7378.556980742841,-32373.7970157484,294.9273595516411,30.86738114956113,635
1424500,-39930.30433780724,7625.177318283954,-32305.127019523286,304.7849895940145,30.72404909602062,635
1425000,-39994.74758106179,7451.286441934816,-32543.461139126975,297.83441956445176,30.600692999092338,636
1425500,-39950.23092280185,7458.8746467315095,-32491.35627607034,298.1377267301031,30.445042246581103,637
1426000,-40135.31624676573,7325.201175337225,-32810.1150714285,292.79468146213134,30.75795858096692,635
1426500,-40005.35007557711,7469.457706084351,-32535.892369492758,298.560740845066,30.988397474584623,634
1427000,-39772.04691984617,7313.162831622149,-32458.884088224026,292.3134983616241,30.6174092177193,635
1427500,-40026.38041516205,7633.3192728628355,-32393.061142299215,305.1104306215496,30.2382516382797,635
1428000,-40170.42582475279,7596.930937902651,-32573.494886850138,303.6559571281149,30.026827849964132,636
1428500,-40307.86887677051,7535.505894101328,-32772.36298266918,301.2007445403489,30.25249166714889,636
1429000,-40167.31331972811,7339.878439659064,-32827.43488006905,293.38134452147733,30.52198483908091,637
1429500,-39836.0981309656,7309.534948949926,-32526.56318201567,292.1684887262613,30.906106033810488,636
1430000,-39986.7169411029,7377.01078805903,-32609.706153043873,294.8655568811752,30.98401332259515,637
1430500,-39878.29168028533,7594.558125598825,-32283.733554686503,303.5611137502965,30.98401332259515,637
1431000,-40213.27574738948,7698.781365256756,-32514.494382132725,307.7270075634709,30.891679338572395,637
1431500,-40043.1003207485,7502.995130823336,-32540.10518992516,299.9012609698336,30.891679338572395,638
1432000,-39998.38655953936,7345.735571083601,-32652.650988455756,293.61545917426025,30.721310920501967,636
1432500,-39729.30737714395,7543.302148132643,-32186.00522901131,301.51236761540963,30.7391671224586,637
1433000,-39872.8561586852,7679.476587527658,-32193.379571157544,306.9553787562077,30.734022683842188,637
1433500,-39955.04243564847,7459.602442645932,-32495.43999300254,298.16681736772955,30.424637536275924,637
1434000,-40036.57977085723,7457.044334321598,-32579.53543653563,298.0645675463198,30.25374870730748,638
1434500,-40093.95746611699,7492.898799780569,-32601.058666336423,299.49770181004476,30.46671056227537,638
1435000,-39989.84965165199,7597.223178904353,-32392.626472747637,303.6676382559031,30.683942965629655,638
1435500,-39958.314822353066,7225.328000245772,-32732.986822107294,288.8026635246625,30.7678649490651,637
1436000,-40013.39417069452,7482.344329904452,-32531.049840790067,299.07583044140796,30.591581741206916,636
1436500,-39598.758310955156,7124.0292730202145,-32474.729037934943,284.7536650247461,30.656733155465272,635
1437000,-39958.914638049566,7542.7681987393,-32416.146439310265,301.49102519234185,30.831163096053437,636
1437500,-39937.759386171514,7610.636058435947,-32327.123327735568,304.2037627521375,30.68191877911483,635
1438000,-39953.71046470258,7213.376658993042,-32740.333805709535,288.324957988476,30.83905542738078,636
1438500,-39851.663058150654,7347.461488765658,-32504.201569384997,293.68444560969755,30.83905542738078,636
1439000,-39972.165234026,7523.1535362661425,-32449.011697759855,300.707010021516,30.83905542738078,636
1439500,-39720.19560571498,7451.932356984331,-32268.263248730647,297.8602373524753,30.798232300842276,636
1440000,-39995.21916420467,7505.209332589124,-32490.00983161554,299.98976454607526,30.907082044938324,637
1440500,-40205.76548583011,7416.32613523773,-32789.43935059238,296.43702560650075,30.907082044938324,637
1441000,-40132.63357647139,7422.320447121669,-32710.31312934972,296.6766234819218,30.74988849434377,637
1441500,-40027.3766934332,7529.151953752046,-32498.224739681154,300.94677200142934,30.770395703342516,636
1442000,-39697.65169355164,7439.188147434493,-32258.46354611715,297.35084017875744,30.805989450873398,635
1442500,-39860.09426215478,7747.759691158303,-32112.334570996478,309.68471397830285,30.353905326226656,635
1443000,-39806.996283049615,7372.669158671353,-32434.327124378262,294.6920181669251,30.837489377421928,634
1443500,-40032.07529922519,7667.027835514108,-32365.04746371108,306.4577912779716,31.07709602893403,632
1444000,-39760.55930717917,7345.903295616969,-32414.656011562205,293.6221632701814,31.369474211861792,632
1444500,-39883.67178040779,7145.483892296275,-32738.18788811152,285.61122487415685,31.342819491997304,633
1445000,-39669.80948553728,7147.169657119188,-32522.63982841809,285.67860636478486,31.46192019908849,633
1445500,-39987.272511792136,7352.404656365796,-32634.86785542634,293.88202833107994,30.882979948372036,633
1446000,-40237.10962153693,7396.068780579719,-32841.04084095721,295.62732146836356,30.6230998357739,634
1446500,-40037.67916064672,7343.538419343498,-32694.140741303225,293.52763710241965,30.69755660906021,634
1447000,-40302.08035199819,7516.249266335402,-32785.831085662794,300.43104032911964,30.380961318795737,634
1447500,-40049.767573703604,7363.3476704727,-32686.419903230904,294.31943015158606,30.908535152172256,635
1448000,-40284.55040473485,7549.036589604477,-32735.513815130376,301.7415782437487,30.441610271188722,635
1448500,-40477.72555257904,7350.104542400464,-33127.62101017858,293.7900907692729,30.3429243831325,635
1449000,-40357.078873200975,7290.572460782456,-33066.506412418516,291.41054153138873,30.433757595088057,636
1449500,-40357.71993303486,7341.825436923891,-33015.89449611097,293.45916770070716,30.641656116369532,636
1450000,-40234.793402892275,7473.33133120667,-32761.462071685604,298.7155730205441,30.152550790912105,636
1450500,-40213.786783409814,7090.191714406116,-33123.5950690037,283.40114828715423,30.469631356442694,636
1451000,-40305.5007203226,7447.687798595894,-32857.812921726705,297.69057865074916,30.416586607085726,635
1451500,-40170.95775431542,7379.298537045996,-32791.65921726943,294.9570002040097,30.416586607085726,633
1452000,-40443.57199319167,7395.03711400003,-33048.53487919164,295.58608485515055,30.347450747815138,633
1452500,-40515.05952479918,7444.659449333014,-33070.40007546617,297.5695328887889,30.050222032066568,633
1453000,-40107.268895175206,7309.176663721585,-32798.09223145362,292.15416775311746,30.001285561828812,634
1453500,-40208.89764396469,7503.395626120415,-32705.502017844272,299.91726911624875,30.001285561828812,634
1454000,-40363.52531594551,7431.788613063307,-32931.736702882205,297.0550743346092,29.860603335432447,634
1454500,-40138.723333841524,7322.733427545212,-32815.98990629631,292.6960434300286,29.95289703759928,633
1455000,-40139.43999560527,7430.22499043125,-32709.215005174025,296.992574973906,30.088208910331513,633
1455500,-40075.48892360373,7558.957745044835,-32516.531178558893,302.13813548188654,30.114090334459398,634
1456000,-40080.7317204664,7697.616813652231,-32383.114906814168,307.68045941988663,30.114090334459398,634
1456500,-40117.33819431936,7341.816324735642,-32775.52186958372,293.4588034785934,30.219827042203207,634
1457000,-40218.96625587817,7366.548460379764,-32852.417795498404,294.4473685165311,30.150909096618893,634
1457500,-40296.03668731061,7264.84231167429,-33031.19437563632,290.38208502462913,30.150909096618893,634
1458000,-40277.65309806606,7711.389128587199,-32566.263969478863,308.23095086276425,30.059332171363913,635
1458500,-40132.66869641276,7425.270323144071,-32707.398373268687,296.79453260000037,29.69215369275282,635
1459000,-39927.032769556194,7523.272466569711,-32403.760302986484,300.7117637695041,30.14152386773777,635
1459500,-39938.4626047517,7659.167028802868,-32279.295575948832,306.1435879759787,30.386885197455197,635
1460000,-39622.25945281601,7670.83097802028,-31951.42847479573,306.60980620179356,30.59452459995234,634
1460500,-39933.55902171423,7511.6468387305795,-32421.91218298365,300.2470772826106,30.52006398676517,635
1461000,-39672.2123921994,7367.69177071179,-32304.52062148761,294.49306762792276,30.7077998241785,635
1461500,-39929.73340272904,7508.793238710075,-32420.940164018968,300.13301640031875,30.648898678883626,635
1462000,-39567.487017003485,7268.9746354942,-32298.512381509285,290.54725761273806,30.404446046491763,635
1462500,-40195.36767529014,7486.695330758483,-32708.672344531653,299.2497437413439,30.321705156770854,636
1463000,-40048.4822398389,7451.851675989394,-32596.630563849507,297.85701246272174,30.187348449174998,636
1463500,-40066.451419617326,7407.425695747562,-32659.025723869763,296.08126727536154,30.271588748826815,636
1464000,-40304.42466377308,7581.917393216551,-32722.507270556533,303.05585264923934,30.271588748826815,636
1464500,-40264.14691827368,7311.181390921467,-32952.96552735221,292.2342984482149,30.252156822213152,636
1465000,-39916.30733029729,7215.198625086185,-32701.108705211107,288.3977835626968,30.42793524938585,636
1465500,-39994.05884140706,7247.410698154613,-32746.648143252445,289.6853282249594,30.510226774725343,636
1466000,-40235.08905416578,7197.467548658972,-33037.62150550681,287.6890569693623,30.564312034466443,636
1466500,-40693.65009585568,7430.295006570372,-33263.35508928531,296.99537358006864,30.527658103692623,635
1467000,-40541.086999460866,7342.078789770009,-33199.00820969086,293.4692944349908,30.272082060760372,636
1467500,-40163.24469184264,7145.201679456547,-33018.04301238609,285.59994458075124,30.38385673765173,636
1468000,-40238.78907778516,7294.17283900516,-32944.61623878,291.5544517899096,30.783790238178433,636
1468500,-40023.94042832684,7334.331126404159,-32689.60930192268,293.15961357121904,30.714612105326648,636
1469000,-39848.862247183235,7494.165212169896,-32354.697035013338,299.5483214180606,30.776865654676364,637
1469500,-39722.592627647864,7298.529933245679,-32424.062694402186,291.72860864781927,30.66366674771329,637
1470000,-40304.91315395581,7558.8401748318975,-32746.07297912391,302.1334360979075,30.5439133132903,637
1470500,-39875.051652612514,7534.97244063151,-32340.079211981003,301.1794219397771,30.863411274734727,637
1471000,-39899.832671544864,7542.489426221724,-32357.34324532314,301.479882411614,30.88886508426483,637
1471500,-40166.42517702623,7379.754334223654,-32786.670842802574,294.9752188148368,30.567575591211213,637
1472000,-40114.816578580096,7610.428665090755,-32504.38791348934,304.1954730592008,30.493395870270305,636
1472500,-40209.25766748239,7248.099660454396,-32961.15800702799,289.71286664913043,30.493395870270305,636
1473000,-39983.149520104314,7176.479615154424,-32806.66990494989,286.8501509573743,30.470426539170173,637
1473500,-40123.79154215708,7393.834417921716,-32729.957124235363,295.5380120436718,30.208449421473862,637
1474000,-40242.622269346044,7414.089685876959,-32828.53258346909,296.34763277447894,30.253324055245024,637
1474500,-40552.05817125385,7717.448579256558,-32834.60959199729,308.47315239226543,30.11953316886836,637
1475000,-40414.86798414452,7305.970630223285,-33108.89735392123,292.0260197972563,30.312214533890256,636
1475500,-40424.589557616804,7526.842330795057,-32897.747226821746,300.8544543569302,30.585939931731772,636
1476000,-40196.20578487249,7260.535095732019,-32935.67068914047,290.20992184581405,30.586570124936383,637
1476500,-40356.78615740823,7537.407450731912,-32819.37870667632,301.27675141778576,30.279906611696124,637
1477000,-40175.72743583843,7462.1628891946575,-32713.564546643775,298.26916065000813,30.483250379286197,637
1477500,-40087.2252386748,7413.410959120902,-32673.8142795539,296.3205034739201,30.270745169353003,637
1478000,-39898.494525949136,7765.9666235435525,-32132.527902405585,310.41246094941533,30.576471955238794,637
1478500,-40005.75516786519,7612.962842283401,-32392.792325581788,304.29676633239956,30.379995448109575,637
1479000,-40039.619892036346,7600.5566281099855,-32439.06326392636,303.8008791287435,30.319142561527293,638
1479500,-39942.23897947871,7350.83215557119,-32591.40682390752,293.81917410247445,30.67563688080994,638
1480000,-40231.309467370476,7533.6471346268745,-32697.662332743603,301.12644830257875,30.9314795381872,638
1480500,-39955.373673344286,7439.0181494981025,-32516.355523846185,297.3440452129342,30.739709472355106,638
1481000,-39679.883325928124,7402.544329344261,-32277.33899658386,295.88615480173206,31.13172954059845,638
1481500,-39780.1772159779,7396.43847312173,-32383.73874285617,295.6420984017865,30.965172788280707,638
1482000,-39592.1655520992,7240.952970151479,-32351.21258194772,289.4272072029713,30.821098115927732,639
1482500,-39886.16317053718,7413.0356531588195,-32473.127517378358,296.30550216719985,30.821098115927732,639
1483000,-39881.24550772425,7345.627124061271,-32535.61838366298,293.6111244521689,30.963128177755433,639
1483500,-40044.99080998622,7587.430225238475,-32457.56058474775,303.27620535453406,30.831797538455092,639
1484000,-39708.520554184026,7404.196520487399,-32304.324033696626,295.9521943230899,30.831797538455092,639
1484500,-39844.00396062451,7449.276669020926,-32394.727291603587,297.7540871877637,30.62262135110482,639
1485000,-40179.04937757995,7487.055156915956,-32691.99422066399,299.2641263067694,30.35828303983361,640
1485500,-40177.25670685015,7464.897745869261,-32712.35896098089,298.37847525717297,30.387869527275928,639
1486000,-39899.35335016772,7583.693897675569,-32315.659452492153,303.12686108228354,30.51408932154271,639
1486500,-40029.11135961388,7575.829141127697,-32453.282218486187,302.81249990187473,30.74965235555733,639
1487000,-39761.83159604397,7612.299668822754,-32149.53192722122,304.27025871062693,30.933570908062258,639
1487500,-39803.36206832707,7469.694181990608,-32333.667886336465,298.5701929933399,30.87155686150831,639
1488000,-39923.141808640874,7438.478285013031,-32484.66352362784,297.3224663584897,30.959060243916166,639
1488500,-39980.92193017979,7259.341945516193,-32721.5799846636,290.1622305907868,30.959060243916166,639
1489000,-40100.65928317755,7482.240496260433,-32618.418786917115,299.0716801200724,30.681589771936224,639
1489500,-39972.010224058096,7196.139101674335,-32775.87112238376,287.6359577844531,30.72170573368268,639
1490000,-40138.83989132166,7394.105376666848,-32744.73451465481,295.54884250109836,30.596536636964196,639
1490500,-40396.77773494379,7497.186302212105,-32899.591432731686,299.66907702263774,30.46542758000617,638
1491000,-39792.51541607475,7245.089527645453,-32547.425888429294,289.592549014726,30.465563486238814,638
1491500,-39929.74146733438,7414.5778919539025,-32515.16357538048,296.3671467972839,30.763677632215646,638
1492000,-39634.32835224059,7284.869706606812,-32349.45864563378,291.18259747192235,30.634774690156515,638
1492500,-39970.473347298175,7488.025792079921,-32482.447555218256,299.3029234410523,30.92219277655827,638
1493000,-39698.1806933522,7345.865401646178,-32352.315291706025,293.6206486151102,30.992678128106736,638
1493500,-40109.51847397034,7476.115567365629,-32633.40290660471,298.8268613687772,30.291825235618983,637
1494000,-40290.03578882344,7468.580751195595,-32821.45503762785,298.5256881931095,30.274767178291018,637
1494500,-40422.99660078592,7618.497250811325,-32804.49934997459,304.51798146946237,30.0644775981264,636
1495000,-40322.72858848524,7611.808497762426,-32710.920090722815,304.25062617484946,30.183809271776116,636
1495500,-40333.45522612556,7478.37518053935,-32855.08004558621,298.91718007861067,30.357438064186034,636
1496000,-40081.84924964985,7401.083733205588,-32680.765516444262,295.82777349984946,30.66994946439929,636
1496500,-39906.34466264514,7444.057113335157,-32462.287549309985,297.5454569934784,30.93392269524179,636
1497000,-39640.09425685552,7516.20194577029,-32123.892311085227,300.4291488848497,31.241587206977727,636
1497500,-39919.20498378768,7446.11828663076,-32473.086697156916,297.6278438882652,31.22558415855071,636
1498000,-40123.680511348386,7285.930295540144,-32837.75021580824,291.2249901368422,31.147286561381108,637
1498500,-40142.64787829157,7379.7294964687535,-32762.91838182282,294.974226028105,30.67555261123336,637
1499000,-40257.03758260827,7491.9386105126805,-32765.098972095588,299.45932220734096,30.567258323816556,637
1499500,-39859.20007069411,7369.830560474898,-32489.369510219214,294.5785569206281,30.704632733447063,637
1500000,-40222.828375527475,7305.886246900404,-32916.94212862707,292.02264692222496,30.5540320501252,637
