#"Step","Potential Energy (kJ/mole)","Kinetic Energy (kJ/mole)","Total Energy (kJ/mole)","Temperature (K)","Box Volume (nm^3)","Speed (ns/day)"
500500,-39845.07606588962,7621.155182747851,-32223.920883141767,304.62422132773725,30.821063703752124,0
501000,-39696.32472778001,7576.854616408878,-32119.470111371134,302.8534890434851,30.728774116534904,766
501500,-39802.96046024471,7556.695494420502,-32246.264965824204,302.04771135085116,30.923011618977434,768
502000,-39674.86156505812,7482.086427280555,-32192.775137777564,299.0655218485373,31.155226054800504,770
502500,-39888.76690971485,7603.476818061463,-32285.290091653384,303.91760166866914,30.8067087649567,772
503000,-40091.39914564873,7441.313782854222,-32650.085362794503,297.43580368088203,30.647497516969008,768
503500,-40132.661761710246,7342.752567592304,-32789.90919411794,293.49622592234965,30.079465171950464,769
504000,-40022.34046133861,7480.029864498346,-32542.310596840263,298.98331923999314,30.21157077990134,769
504500,-40114.94963600524,7344.501910364846,-32770.4477256404,293.5661486790896,30.312729632393093,748
505000,-40250.57751532091,7550.159710410917,-32700.417804909994,301.78647036218933,30.26558235447572,750
505500,-39963.421208277374,7487.603991843668,-32475.817216433705,299.28606371763203,30.26558235447572,752
506000,-40174.39799466531,7450.4299804000475,-32723.968014265265,297.80018604973253,30.26558235447572,754
506500,-40128.2168129512,7487.304558121037,-32640.91225483016,299.27409509051336,30.27968825488721,755
507000,-39929.05842580105,7501.170736278746,-32427.887689522304,299.8283383282899,30.300793918237122,755
507500,-40118.43193938595,7495.677316282554,-32622.754623103392,299.60876153859874,30.50057534682625,756
508000,-39790.01381322465,7160.402866894302,-32629.610946330347,286.2075493041094,30.359375629150367,756
508500,-40247.090161379514,7267.375106784654,-32979.71505459486,290.48332305479335,30.275764145979373,757
509000,-39842.0090200362,7412.127987270097,-32429.881032766105,296.26922196978256,30.9562719222054,758
509500,-39816.13218783244,7559.43091431419,-32256.701273518247,302.15704847037415,30.93153900643953,759
510000,-39493.052282977675,7608.7079817954245,-31884.34430118225,304.1266958467674,30.731800571716878,759
510500,-39827.183498667,7585.891939060395,-32241.291559606605,303.21471871399984,30.796993045409476,760
511000,-39713.555241543305,7495.62304954534,-32217.932191997963,299.6065924497701,30.60707575044882,760
511500,-39531.96338254862,7525.635941683659,-32006.327440864963,300.8062339316973,30.563464798598357,760
512000,-39798.99134222872,7370.483162733468,-32428.508179495253,294.6046420022314,30.78524129343408,760
512500,-39831.91635816233,7543.418843036793,-32288.497515125535,301.5170320125328,30.66884664098418,760
513000,-40127.636168876896,7970.366720130241,-32157.269448746654,318.5825111280268,30.380274983081865,760
513500,-40037.56845285409,7417.64737094147,-32619.921081912617,296.4898365502214,29.852122480684862,760
514000,-40099.62492662863,7504.466015575811,-32595.158911052822,299.96005351658556,30.01615226260146,761
514500,-39980.56624610323,7647.5929725932865,-32332.973273509946,305.68096285210925,30.42630049410172,761
515000,-39946.07096278269,7177.870432023367,-32768.20053075932,286.90574312097044,30.38425757294188,761
515500,-40057.95606644894,7542.5619328627545,-32515.394133586185,301.4827805653105,30.69271855258716,762
516000,-39976.028897449694,7347.303931015068,-32628.724966434627,293.6781478889536,30.894869732763986,762
516500,-39878.6516064865,7228.232740305336,-32650.418866181164,288.91876851892994,30.68512199869791,763
517000,-39856.26797083454,7194.701360096117,-32661.56661073842,287.57848999929024,30.962294936183323,763
517500,-39912.83870380226,7578.524582741608,-32334.314121060655,302.920239054678,30.58118524400303,764
518000,-39992.95385391085,7272.797265051751,-32720.156588859096,290.70005145100413,30.638676467470958,764
518500,-40349.41322971255,7577.645674227148,-32771.7675554854,302.88510831459786,29.975469128704468,764
519000,-40185.89067089753,7490.037372472886,-32695.85329842464,299.383328064256,30.16828813058874,764
519500,-40135.12084637972,7210.999622064691,-32924.12122431503,288.22994574872985,29.962839771332074,760
520000,-40214.3615909052,7356.743639873597,-32857.61795103161,294.0554612872031,30.064466699133224,760
520500,-40359.57438906381,7449.118941580701,-32910.45544748311,297.7477826843769,29.81884500371547,761
521000,-40289.250726347265,7507.481781822006,-32781.76894452526,300.08059632439154,29.981567866930963,761
521500,-39909.139564584155,7302.595074776984,-32606.544489807173,291.89109590124303,30.194228713460003,761
522000,-40211.496093640424,7260.9118505148135,-32950.58424312561,290.22498106316215,30.281677293719575,762
522500,-40050.15850761236,7528.699792359417,-32521.458715252942,300.9286987161017,30.104623036180307,762
523000,-40229.237438957935,7712.790933663436,-32516.446505294498,308.2869822345921,30.027630857945468,762
523500,-40237.40021522445,7428.3496107069195,-32809.05060451753,296.91761441024886,30.031468481241895,762
524000,-39931.02885543232,7267.496913791242,-32663.53194164108,290.4881917871108,30.390291013192485,763
524500,-39978.104193953215,7409.851864300682,-32568.252329652532,296.17824334901206,30.431541669129185,763
525000,-39995.0772516889,7571.167676587549,-32423.90957510135,302.6261770975571,30.547772875796554,763
525500,-40019.60212855486,7510.112449693001,-32509.489678861864,300.18574641418206,30.480701573690258,763
526000,-39996.46293162191,7428.623623258054,-32567.83930836385,296.9285669309654,30.648349458898295,763
526500,-39938.910942121205,7395.398189381112,-32543.51275274009,295.60051735313357,30.318089060214838,763
527000,-39681.65612183011,7172.10405270282,-32509.552069127287,286.6752559089558,30.3081234925705,763
527500,-40106.50502069492,7429.92377777397,-32676.581242920955,296.9805352412175,30.357479298458866,763
528000,-39971.8215193323,7556.02510697279,-32415.79641235951,302.0209153797221,30.434324980765883,764
528500,-39631.48729448285,7559.212544086919,-32072.274750395933,302.14832002188456,30.795682590608504,764
529000,-39790.79600773359,7691.665353160403,-32099.130654573186,307.44257435199177,30.366510921582805,764
529500,-40031.42056630089,7294.565684716313,-32736.85488158458,291.57015417570176,30.728665266138425,764
530000,-39815.666168347874,7314.009441074442,-32501.656727273432,292.3473380800119,30.695086545849936,764
530500,-40209.44328634892,7379.370198189275,-32830.07308815965,294.95986456242355,30.46238678085037,764
531000,-40144.14494918485,7555.214345323175,-32588.93060386167,301.9885085292809,30.362282900896453,762
531500,-40129.075160217675,7374.610100482171,-32754.465059735503,294.7695993043754,30.51929214090117,762
532000,-40219.48623293382,7272.920381155418,-32946.5658517784,290.7049725090738,30.21675209915557,762
532500,-40246.730917292705,7399.6138387893325,-32847.117078503376,295.76902053770016,30.450730518792806,762
533000,-40155.943233712926,7370.304744911543,-32785.638488801385,294.5975104862379,30.83059601311905,763
533500,-40273.42849315249,7618.631730055359,-32654.79676309713,304.5233567221657,30.458424922184427,763
534000,-40030.449444574566,7577.549674856768,-32452.8997697178,302.8812711360142,30.635716291434353,763
534500,-40161.84247288582,7436.631684948571,-32725.210787937252,297.24865614294475,30.415646929880474,763
535000,-40300.86577330055,7612.068715093989,-32688.797058206565,304.26102728860485,30.439401653366833,763
535500,-39985.43150582042,7617.5715432643165,-32367.859962556107,304.4809801312239,30.588072618330948,763
536000,-39776.53048637579,7388.575110497845,-32387.955375877948,295.3277929377354,30.477647176004552,764
536500,-40053.981989895256,7353.550212029437,-32700.43177786582,293.927817190335,30.361981927552254,764
537000,-39802.866090759344,7462.030369612705,-32340.83572114664,298.26386372670777,30.427700066187676,764
537500,-40073.96593846838,7424.28959950998,-32649.676338958398,296.75533222076535,30.340665651042194,764
538000,-39784.79241900882,7224.024201483145,-32560.768217525678,288.75054955069015,30.340665651042194,764
538500,-40129.85814143304,7525.036594719102,-32604.821546713938,300.7822775106555,29.748684621561843,764
539000,-39902.336532744695,7365.023842605221,-32537.312690139475,294.38642821401055,29.967914099993074,762
539500,-39787.38789074114,7171.400806383156,-32615.987084357985,286.6471465400489,29.95426047660487,762
540000,-40013.737090638984,7372.679055551191,-32641.058035087794,294.6924137538462,30.355623070979032,762
540500,-39922.95343292228,7627.304546008594,-32295.64888691369,304.87001674195557,30.386741282250046,762
541000,-40111.574551275466,7348.537456957891,-32763.037094317573,293.7274529970126,30.151073162476617,763
541500,-39945.81625075976,7346.391307870598,-32599.42494288916,293.64166954569936,30.151073162476617,762
542000,-39937.68886780646,7589.754755321516,-32347.93411248494,303.3691188498664,30.151073162476617,763
542500,-39828.10987650769,7661.0766139577445,-32167.033262549943,306.2199157605356,30.453584535513574,763
543000,-39911.12654434086,7474.060011063565,-32437.0665332773,298.7446989901224,30.419073062864623,763
543500,-40226.68202009366,7438.757968807809,-32787.92405128585,297.33364556376233,30.760028832126995,763
544000,-39984.25720206718,7468.761063953452,-32515.496138113725,298.5328954513454,30.530949739513996,763
544500,-40132.399303780316,7231.355571610097,-32901.04373217022,289.0435908105301,30.421574985010878,763
545000,-40295.69940422167,7284.007774551878,-33011.69162966979,291.14814529573965,30.38297140319353,763
545500,-40221.76286874295,7241.8188650722395,-32979.94400367072,289.4618177783583,30.948419723687547,763
546000,-39997.66998731377,7477.959894809859,-32519.710092503912,298.90058074570885,30.805234398206753,763
546500,-39995.034746361925,7494.241222386397,-32500.793523975528,299.5513596127252,30.928626417647475,763
547000,-39787.738308243395,7232.060587061942,-32555.677721181455,289.07177089319373,31.093234451254606,763
547500,-40120.108091999486,7504.924676398966,-32615.18341560052,299.9783865898214,30.883087245091527,761
548000,-40134.37949559034,7504.583779860263,-32629.79571573008,299.9647606577723,30.373630911704883,761
548500,-40100.77516391434,7662.377597718934,-32438.397566195403,306.2719172164447,30.323078648058882,761
549000,-39892.189397523005,7485.783320393247,-32406.40607712976,299.2132898914103,30.432304066718494,761
549500,-40001.5875457784,7591.42762034754,-32410.15992543086,303.43598472435906,30.885986955004533,761
550000,-39976.331100299925,7446.273490630505,-32530.05760966942,297.63404752753456,30.569440465285876,761
550500,-40143.66383568823,7636.537637852245,-32507.126197835987,305.2390714778684,30.36850537745966,761
551000,-40137.37082473832,7477.08451840324,-32660.286306335078,298.8655911870605,30.395127028469247,761
551500,-40029.24745946642,7589.550191809085,-32439.69726765734,303.3609422678139,30.704159646795123,761
552000,-40138.50742868916,7544.240442903153,-32594.26698578601,301.54987207595246,30.148511657703157,761
552500,-40180.57419945311,7579.011538801232,-32601.56266065188,302.93970311320027,30.2733101662521,761
553000,-39978.99309927464,7309.821465392844,-32669.171633881793,292.1799410384408,30.18196393356393,761
553500,-40195.21011433497,7342.754718380933,-32852.455395954035,293.4963118912475,30.18196393356393,761
554000,-40477.380838359764,7427.193000042792,-33050.187838316975,296.8713836729799,30.157372977429418,761
554500,-40375.34199657594,7381.261869713858,-32994.08012686208,295.0354763235498,30.125991853984136,762
555000,-40106.2348317212,7289.425193227552,-32816.80963849365,291.36468424634637,30.313864361255156,762
555500,-40073.33184904861,7232.336533659239,-32840.99531538937,289.08280071942266,30.303404760123467,762
556000,-39760.419754990755,7313.283464878904,-32447.136290111852,292.3183201781368,30.273381074081513,762
556500,-39777.540175172675,7570.855072688995,-32206.68510248368,302.61368204701716,30.762414134435726,762
557000,-39795.670740666304,7453.897505726277,-32341.77323494003,297.9387860620808,30.762414134435726,762
557500,-39942.80323856426,7624.654237976476,-32318.149000587782,304.7640816177909,30.762414134435726,762
558000,-39649.97928939425,7241.882308483195,-32408.096980911054,289.464353666842,31.090784382463028,762
558500,-39672.43296631577,7396.220449105419,-32276.21251721035,295.633383791651,31.090784382463028,762
559000,-40088.74550275758,7536.11926938698,-32552.626233370596,301.22526168562325,30.575131049725737,762
559500,-39946.534059248224,7578.418939297354,-32368.11511995087,302.91601639404814,30.237824149049715,762
560000,-39858.25538452677,7344.892400866451,-32513.362983660318,293.58175692510156,30.17638304073428,762
560500,-39934.43555402197,7756.022609096012,-32178.412944925956,310.0149900168183,30.630339224550326,762
561000,-39766.89853549967,7660.83202579672,-32106.06650970295,306.21013935836146,30.63420803385426,762
561500,-39833.31609487478,7349.44713527963,-32483.86895959515,293.7638136331332,30.399084122300852,762
562000,-40213.09144377362,7341.704068442438,-32871.387375331185,293.45431649662197,30.518708449544857,762
562500,-40449.59131733622,7347.575277392531,-33102.016039943686,293.6889938403825,30.413374940904152,760
563000,-40438.14879482036,7451.405794731065,-32986.74300008929,297.83919019984086,30.27514327335547,761
563500,-40251.71078736489,7686.989076825875,-32564.72171053902,307.2556595073309,30.323130325729032,761
564000,-40219.01401791896,7584.827584722909,-32634.186433196053,303.172175542591,30.10282727482394,761
564500,-40034.81308275077,7369.370867028944,-32665.442215721825,294.5601825725581,30.10282727482394,760
565000,-40027.44691702575,7313.0800263937135,-32714.366890632038,292.31018856440454,30.74696303999135,760
565500,-39910.050374050974,7581.787667031721,-32328.262707019254,303.05066738045895,30.844812333671143,760
566000,-39716.689589238056,7393.743166793568,-32322.94642244449,295.5343646564726,30.74994168467624,760
566500,-39858.84700264165,7476.551661455654,-32382.295341185993,298.8442924300026,30.75637388730916,760
567000,-39778.98003398432,7371.9947459231735,-32406.985288061147,294.66506130102465,30.657383152393145,761
567500,-39711.38576082725,7470.323219768309,-32241.062541058942,298.59533618208536,30.806655489424205,761
568000,-39825.83856669074,7372.108005068743,-32453.730561621996,294.66958836788,31.169764460434944,761
568500,-40015.811687098234,7446.718005616503,-32569.093681481732,297.6518151793185,30.86875272967218,761
569000,-39967.596075994574,7435.174213404115,-32532.421862590458,297.190399733819,30.87985483545409,761
569500,-40053.35839736069,7438.692902359257,-32614.66549500143,297.3310448010498,30.793514518063716,761
570000,-39891.66876224551,7401.1685534753,-32490.50020877021,295.8311638400268,30.806858107776772,761
570500,-40274.73071687209,7686.184004982376,-32588.54671188971,307.223480083404,30.59418952288452,761
571000,-39926.491887047625,7502.806556465125,-32423.6853305825,299.8937234882242,30.649494140044155,761
571500,-39858.42954875468,7336.323146820581,-32522.106401934096,293.2392363650962,30.99900181775853,761
572000,-39722.207752383954,7315.190647058675,-32407.017105325278,292.39455191368233,30.981998029182932,762
572500,-39639.91065277843,7274.422924553595,-32365.487728224834,290.7650304795134,30.825102684531714,762
573000,-39977.42073932584,7471.487140580996,-32505.933598744843,298.6418591123695,30.89761473228297,762
573500,-40148.418516117585,7472.743929063392,-32675.674587054193,298.69209404442944,30.923492741239432,762
574000,-40138.95755833649,7588.083814801247,-32550.873743535245,303.30232989954766,31.03167463666313,761
574500,-40276.69840123062,7537.604294344321,-32739.0941068863,301.28461942869956,30.675510035964994,761
575000,-40143.14611062314,7470.9421813693825,-32672.20392925376,298.6200766172605,30.66070744291083,761
575500,-39914.62698833816,7323.702136338818,-32590.92485199934,292.73476356560775,30.908986812079554,761
576000,-40194.202647445694,7317.503649589812,-32876.698997855885,292.4870046427084,30.908986812079554,761
576500,-40072.14178564763,7250.471012215136,-32821.670773432495,289.8076516477675,30.98912613736656,761
577000,-39948.53843965652,7334.412846283285,-32614.125593373235,293.1628799860799,30.5307868645474,761
577500,-40102.3643364904,7385.747672661461,-32716.616663828936,295.2147777807667,30.632702371373156,761
578000,-40423.984316809394,7385.113052720702,-33038.871264088695,295.189411468094,30.836791771050315,761
578500,-40219.129406506894,7361.935191024472,-32857.19421548242,294.26297211579754,30.834837696393663,761
579000,-39984.59201778719,7466.520043284084,-32518.071974503106,298.4433199001309,30.773665347311777,761
579500,-40254.06049205913,7508.422026213279,-32745.63846584585,300.11817871297717,30.675275720618842,761
580000,-40209.26925213027,7451.408804923962,-32757.860447206305,297.839310519877,30.429458152626015,761
580500,-39974.1765278762,7409.893875993321,-32564.28265188288,296.17992259301775,30.429458152626015,762
581000,-40005.22982687093,7496.532790064927,-32508.697036806,299.64295557199296,30.374777546098713,762
581500,-40008.76452948584,7599.09101667573,-32409.673512810106,303.7422973611212,30.51773341599227,762
582000,-40195.82541771507,7640.506037152175,-32555.31938056289,305.3976918599064,29.990637231144895,760
582500,-39985.257839479076,7495.031267223045,-32490.226572256033,299.58293839407884,30.45050325302501,760
583000,-40081.59199847706,7536.570943327264,-32545.021055149795,301.24331548705544,30.635521854567287,760
583500,-40227.55753877276,7523.5286733464645,-32704.028865426295,300.72200457788495,30.46484434213124,760
584000,-40046.35923403627,7508.0922463140405,-32538.266987722225,300.1049971227056,30.221544942555745,760
584500,-39904.28043753715,7334.213063168231,-32570.06737436892,293.154894480681,30.64934230846595,759
585000,-39940.39593430073,7561.272318810906,-32379.123615489825,302.2306510145437,30.559065836891552,759
585500,-39828.65764131976,7645.41653410582,-32183.241107213944,305.59396870704666,30.827574843482402,759
586000,-39878.821308820625,7486.276972703242,-32392.544336117382,299.2330216049016,30.827574843482402,759
586500,-39784.051723160315,7359.979712510374,-32424.072010649943,294.18480993363534,30.764876429473222,759
587000,-40034.64226890469,7492.606850600059,-32542.03541830463,299.4860323466042,30.46177920528112,759
587500,-39943.147884496284,7288.601957657968,-32654.545926838317,291.3317788024418,30.336294059754547,759
588000,-40256.875497777364,7484.510593690455,-32772.364904086906,299.1624178947767,30.376884631385952,759
588500,-40317.84585522182,7440.908751781526,-32876.937103440294,297.41961423555847,30.355922002915772,759
589000,-40041.50955651107,7495.226315743472,-32546.283240767596,299.59073465360007,30.329869746645407,759
589500,-40357.600456346496,7431.196917754304,-32926.40353859219,297.03142375691505,30.340058110990388,759
590000,-40094.182628084964,7292.960416121368,-32801.2222119636,291.5059901895303,30.10219075972564,760
590500,-40144.0217435052,7460.072633555013,-32683.94910995019,298.1856113085587,29.884833036028454,759
591000,-40245.18906060734,7482.464438209547,-32762.724622397796,299.08063127514475,29.82602824385216,759
591500,-39854.88347587187,7511.802745674923,-32343.08073019695,300.25330901918875,30.287035098732222,759
592000,-39794.519917657424,7521.788630224464,-32272.73128743296,300.6524535362901,30.50885475254826,759
592500,-39650.04086977907,7642.243578632577,-32007.797291146493,305.46714290870415,30.495053441283673,759
593000,-40019.93810404849,7384.815864802442,-32635.122239246048,295.17753260773526,30.525374390788215,759
593500,-40063.83794885801,7427.465721612088,-32636.372227245924,296.88228459202617,30.624740722044844,759
594000,-40194.57548357683,7477.702358632943,-32716.873124943886,298.8902868000437,30.528165072083254,759
594500,-40047.63667555258,7753.483911292557,-32294.152764260023,309.91351605086174,30.616942910036578,759
595000,-40057.37815759968,7652.749388090197,-32404.628769509487,305.8870692779624,30.50160244303257,759
595500,-40075.96795309303,7452.349287193756,-32623.618665899274,297.8769024166746,30.844536383634914,759
596000,-39683.79724750001,7377.197119897594,-32306.600127602418,294.873004727318,30.844536383634914,759
596500,-39760.400837886526,7345.742377056761,-32414.658460829763,293.61573121494496,30.72927544885695,759
597000,-39933.60052207511,7426.531304059461,-32507.069218015647,296.8449351072645,30.71393023973677,759
597500,-39922.781063230184,7337.559420897138,-32585.221642333046,293.288651318458,30.723524758964654,759
598000,-40143.97827682833,7583.388803559229,-32560.589473269105,303.11466620429024,30.859012843040894,759
598500,-39634.812886055326,7458.627223120983,-32176.185662934342,298.12783699253873,30.62391087365727,759
599000,-39918.51533468813,7560.4483240905465,-32358.06701059758,302.19771522672033,30.49585253832945,759
599500,-39839.21513806787,7511.680635733661,-32327.53450233421,300.2484281783082,30.655246732022324,760
600000,-39678.54377721151,7424.247153980934,-32254.296623230577,296.75363563594004,30.688560593442343,760
