#"Step","Potential Energy (kJ/mole)","Kinetic Energy (kJ/mole)","Total Energy (kJ/mole)","Temperature (K)","Box Volume (nm^3)","Speed (ns/day)"
950500,-40297.43973916012,7408.583385736942,-32888.85635342318,296.12754115420245,30.012412029617366,0
951000,-40481.12310362916,7576.906435419286,-32904.21666820987,302.8555602945379,29.83393010463656,776
951500,-40437.74052991136,7341.217156920494,-33096.523372990865,293.4348542183097,29.83393010463656,775
952000,-39931.68383856167,7255.520560146241,-32676.16327841543,290.0094864837845,30.021449413543937,774
952500,-40132.44007095389,7332.074418290654,-32800.36565266323,293.0694109791767,30.266808543293934,775
953000,-40089.890712020395,7554.647539774918,-32535.24317224548,301.9658528170376,30.042665217757495,774
953500,-40290.361057421105,7685.359065255992,-32605.00199216511,307.19050652286546,30.021025686203604,773
954000,-40153.830614557926,7651.002255597091,-32502.828358960836,305.81723486801974,30.09201104197553,773
954500,-40046.78698528765,7288.66397580969,-32758.123009477957,291.3342577220706,30.267059972128745,772
955000,-40205.514694366575,7490.452363733787,-32715.062330632787,299.39991562699134,30.177536057908842,772
955500,-40492.66340778125,7571.213963694469,-32921.44944408678,302.6280272336014,30.127168860866835,755
956000,-40129.05163897242,7452.659112453319,-32676.392526519103,297.88928640259,30.13303909296349,757
956500,-39973.91198399803,7617.595048231978,-32356.316935766048,304.481919645287,30.58288837121293,758
957000,-39880.337016161386,7479.364962747011,-32400.972053414374,298.956742536934,30.95157956082647,760
957500,-39924.94622905707,7434.931814013568,-32490.014415043497,297.18071081871034,31.03192634984881,761
958000,-39714.39034287614,7383.258944202643,-32331.131398673497,295.1153011331084,30.879846719295127,762
958500,-40378.02195243625,7493.715451857589,-32884.306500578656,299.5303441060081,30.654239374212782,763
959000,-40130.726506851206,7530.816996216441,-32599.909510634767,301.0133252013093,30.29468053752115,760
959500,-39802.52171610002,7446.05608108614,-32356.46563501388,297.62535747837876,30.660203889902643,760
960000,-39887.620943304384,7555.84855906066,-32331.772384243726,302.0138586056543,31.010062138535446,761
960500,-40077.667026724754,7419.564548917117,-32658.10247780764,296.56646782644845,30.6545714492106,762
961000,-40031.00188953144,7468.442112911083,-32562.559776620357,298.52014669992997,30.678652531711762,763
961500,-40141.6069420882,7432.943481924143,-32708.663460164054,297.10123545048094,30.436634101538786,763
962000,-39825.46977808312,7501.430944669522,-32324.038833413597,299.8387390846743,31.052281727269325,764
962500,-39894.39456310932,7425.688882798744,-32468.70568031058,296.8112627945479,31.067320785532086,765
963000,-40290.07797624744,7517.586964276467,-32772.491011970975,300.48450928282773,31.131499979515507,765
963500,-39840.084846888756,7353.727951784715,-32486.356895104043,293.9349216034131,31.340811901219364,764
964000,-39855.716305012524,7381.256622920447,-32474.459682092078,295.0352666046398,31.147057726925887,765
964500,-39640.96135396298,7230.974869466254,-32409.986484496723,289.0283738137172,30.892391600751452,765
965000,-39820.42091015156,7565.302866155252,-32255.118043996306,302.3917555081348,30.87099339458786,765
965500,-39527.50565087877,7549.871059019911,-31977.634591858856,301.7749327142722,30.773635621113407,766
966000,-39833.052458077174,7670.139919592728,-32162.912538484445,306.58218399356696,30.773635621113407,766
966500,-39805.40515163558,7483.914181124492,-32321.49097051109,299.13857876420656,30.535846299559946,766
967000,-40230.80698036996,7618.072219938866,-32612.734760431096,304.5009926146945,30.493655792213573,767
967500,-40180.120201892336,7329.831219500446,-32850.28898239189,292.97974836657215,30.513291095308087,766
968000,-40084.49567459838,7608.491009979955,-32476.004664618424,304.1180232940175,30.58008999954549,766
968500,-39829.489089227514,7454.976307370425,-32374.51278185709,297.9819067049408,30.733287568300778,766
969000,-39817.81772267286,7433.216240051582,-32384.601482621278,297.1121378307881,30.625041218017646,766
969500,-39971.461062723654,7492.826361179089,-32478.634701544564,299.4948063759484,30.625041218017646,765
970000,-40120.76254380116,7331.217811558488,-32789.54473224267,293.0351716607909,30.81407421402293,765
970500,-39742.191948494845,7612.141040735816,-32130.05090775903,304.26391820760534,31.02626787212161,761
971000,-39622.23768041996,7394.259980987317,-32227.977699432642,295.5550221706639,30.809705347219356,762
971500,-40278.67481188179,7492.375798131338,-32786.29901375045,299.4767969778599,30.770100387630745,762
972000,-39946.072671912174,7451.709593627327,-32494.36307828485,297.85133330675774,30.284406011872797,762
972500,-39636.305881053995,7506.662160546058,-32129.64372050794,300.0478353469567,30.355681769898123,762
973000,-39637.35244490087,7304.602184167895,-32332.750260732973,291.97132181459403,30.572964958546848,763
973500,-39933.82141639211,7380.383261525995,-32553.43815486611,295.0003575877857,30.443011079196673,763
974000,-39899.57407804794,7604.030437763278,-32295.54364028466,303.9397303311269,30.429174630820317,763
974500,-39880.647546559805,7351.534424271621,-32529.113122288185,293.84724439508784,30.02220208527308,763
975000,-40004.60428609114,7462.9230869847,-32541.68119910644,298.2995464188704,30.180597720391837,764
975500,-40086.3102613611,7311.357473534228,-32774.95278782687,292.2413366238609,30.180597720391837,764
976000,-40148.32088848957,7624.096367888425,-32524.224520601147,304.7417830636873,30.246817163231476,764
976500,-40023.68139641613,7447.31107192741,-32576.370324488715,297.6755205571547,30.090828280209564,764
977000,-40365.85307097333,7454.894369977548,-32910.95870099578,297.9786315958655,30.06870005864097,765
977500,-40254.34264810005,7513.680704234378,-32740.66194386567,300.3283726611357,30.101798494287127,765
978000,-39943.81107409432,7289.384304740724,-32654.4267693536,291.36304989785685,30.022430474702766,765
978500,-40065.72471887359,7473.713752001203,-32592.01096687239,298.7308587133244,30.109227602453092,765
979000,-39816.39282563026,7344.116877474644,-32472.275948155617,293.5507585785667,30.40679869516108,765
979500,-39848.70290139507,7665.9190234259095,-32182.78387796916,306.4134710914819,30.79980135202473,765
980000,-39650.69463518218,7541.992215142033,-32108.70242004015,301.46000845099326,30.87296332989762,766
980500,-39465.126506510656,7270.799750093306,-32194.32675641735,290.6202090354889,30.9533758507161,766
981000,-39674.50442487767,7332.0103100883025,-32342.494114789366,293.06684851840095,30.77564172840335,766
981500,-39508.27647940483,7386.661643158336,-32121.614836246492,295.25130997887203,30.73021929111656,766
982000,-39761.053549120435,7513.486165374274,-32247.56738374616,300.3205967731822,30.48762381663477,764
982500,-39955.29649278431,7473.09749260356,-32482.199000180754,298.7062262875777,30.48762381663477,764
983000,-40055.9455614957,7400.795996865669,-32655.149564630028,295.8162724273226,30.56144802191021,764
983500,-40023.1794374607,7384.142534080795,-32639.036903379903,295.15061899137936,30.367628783886808,764
984000,-39909.66091334974,7274.817990152777,-32634.842923196964,290.7808215961668,30.371485308806076,764
984500,-40217.382652408094,7488.824664617404,-32728.55798779069,299.33485507330954,30.34809078357971,764
985000,-40153.4832582683,7352.712204234257,-32800.77105403404,293.8943212876862,30.581439492034775,765
985500,-40085.792266444245,7463.164789467564,-32622.627476976682,298.3092074779711,30.55526233254007,764
986000,-40282.39492384484,7536.933960769855,-32745.460963074984,301.25782561093115,30.260202675579524,764
986500,-40334.53220046099,7309.291920997435,-33025.24027946356,292.15877468698335,30.09179079026888,764
987000,-40208.92873292416,7492.647524493603,-32716.281208430562,299.4876581176129,30.353621762560724,764
987500,-40089.75439525192,7353.460992503049,-32736.29340274887,293.92425100803047,30.467974971246097,764
988000,-39965.52417348462,7222.240482157885,-32743.283691326735,288.679252733148,30.583345930821796,764
988500,-39849.24526814197,7450.303883479106,-32398.94138466286,297.7951458457959,30.557892529530903,764
989000,-39922.14759903459,7460.708613731562,-32461.43898530303,298.21103199104255,30.312033899778303,764
989500,-40233.28422303879,7414.246577235522,-32819.03764580327,296.3539038589522,30.44422701721551,764
990000,-40060.170062918885,7339.304854179731,-32720.865208739153,293.3584178094741,30.44422701721551,762
990500,-40065.15942720164,7150.557028510479,-32914.60239869116,285.81400255442765,30.2355246725311,762
991000,-39767.89544799036,7340.667688358238,-32427.227759632126,293.4128914805215,30.492177726575463,762
991500,-39917.06875520214,7188.381189066689,-32728.68756613545,287.32586724954547,30.663481263567522,762
992000,-40182.86413237295,7181.503554571849,-33001.360577801104,287.05096219875867,30.663481263567522,762
992500,-39991.17647927129,7174.820727632279,-32816.355751639014,286.78384377590555,30.65479507169181,762
993000,-40294.1362428416,7621.425334114501,-32672.710908727102,304.6350195135416,30.416798086828802,763
993500,-40125.57540972982,7442.3059170746565,-32683.269492655163,297.4754601512078,30.297818822336666,763
994000,-40003.92964030054,7561.64633338622,-32442.283306914323,302.24560070340823,30.046707317095652,763
994500,-39956.1663398009,7396.1792191867535,-32559.987120614143,295.6317357958331,30.046707317095652,763
995000,-39989.953347745904,7364.264634207675,-32625.688713538228,294.35608199202954,30.13540828028889,763
995500,-39917.30204912083,7537.875973980845,-32379.426075139985,301.2954787007839,30.289526612787242,763
996000,-39954.79828792214,7563.434006640158,-32391.36428128198,302.317055562929,30.633206894768524,763
996500,-40073.40113148003,7547.645474925079,-32525.755656554953,301.68597417640876,30.42076110192584,763
997000,-39829.88196392276,7669.869573284324,-32160.012390638432,306.5713780157708,30.340222839417642,763
997500,-39754.87509958286,7682.90061072256,-32071.9744888603,307.09223995041566,30.29407355644634,763
998000,-39695.410227910004,7585.776777244597,-32109.63345066541,303.21011559575555,30.356220292578683,763
998500,-39922.377877765015,7550.779374681635,-32371.59850308338,301.81123888368325,30.549122846714038,761
999000,-40120.60269726612,7469.047988759309,-32651.55470850681,298.5443640861478,30.30149245694107,761
999500,-40061.061839171976,7325.443490568312,-32735.618348603664,292.8043670133129,30.531304754341026,761
1000000,-40190.3224631545,7472.640506801641,-32717.681956352862,298.687960166402,30.885437788718196,761
1000500,-40060.08398991919,7452.475659228396,-32607.608330690797,297.8819536171458,30.667090324075293,761
1001000,-39456.06070633847,7378.958256436107,-32077.10244990236,294.94339889117265,30.82538956886671,761
1001500,-39737.587746557256,7525.371328353694,-32212.216418203563,300.7956571060507,30.506750686877986,761
1002000,-39898.546162648825,7385.29881163834,-32513.247351010483,295.19683641408756,30.499333033299262,761
1002500,-39744.86570906729,7467.637797924965,-32277.227911142327,298.4879975282527,30.34846922702403,761
1003000,-39944.494480560126,7359.044752493695,-32585.44972806643,294.1474387661123,30.34846922702403,761
1003500,-40321.028619817545,7420.402761606754,-32900.62585821079,296.5999719189075,30.000678474412666,761
1004000,-40236.806592363195,7351.649518709556,-32885.15707365364,293.85184482018013,29.95700711436587,761
1004500,-40138.052084440715,7704.786219946998,-32433.26586449372,307.96702684405744,29.98791869973271,761
1005000,-40250.21859268905,7629.991421137764,-32620.22717155129,304.9774134848904,30.33987620776434,761
1005500,-40152.941792361875,7500.213401202047,-32652.728391159828,299.79007281009797,30.636961470034745,761
1006000,-40161.18512643021,7346.928830673722,-32814.25629575649,293.6631548010735,30.58562067261139,761
1006500,-39821.288632339594,7517.789469076104,-32303.499163263492,300.4926035763338,30.705513350426916,762
1007000,-39952.43240659003,7759.921692591753,-32192.510713998276,310.170839785692,30.41369639280332,762
1007500,-39768.31246965943,7595.042367441292,-32173.27010221814,303.5804693191911,30.434424450540014,762
1008000,-39722.74188363805,7339.765522092901,-32382.976361545152,293.37683110784883,30.617377924524728,762
1008500,-39537.15983977361,7387.291768144348,-32149.868071629262,295.27649662428206,31.08086270592329,762
1009000,-39732.83549002177,7344.659375290783,-32388.176114730984,293.5724426895512,30.892664233077706,762
1009500,-39947.11340464771,7399.079524000337,-32548.033880647374,295.74766350944935,30.772384897985983,762
1010000,-39898.22740073124,7532.780252389384,-32365.447148341853,301.0917982632808,30.646936373481577,762
1010500,-40041.61663544993,7554.167042946997,-32487.449592502933,301.94664693964154,30.63055564861788,762
1011000,-40228.2139120143,7460.34318863001,-32767.870723384287,298.1964256309378,30.57533884918525,762
1011500,-40135.0389546291,7364.222451572543,-32770.81650305656,294.35439591530326,30.644795159312906,762
1012000,-39956.10100590065,7340.865168972901,-32615.23583692775,293.42078495297113,30.746093676966833,762
1012500,-39841.93708257869,7213.4196192137,-32628.51746336499,288.3266751459741,30.45210793560399,762
1013000,-39819.82252461763,7422.688259742773,-32397.134264874858,296.691325273266,30.67102154239155,762
1013500,-40119.89643260653,7556.047307508001,-32563.84912509853,302.0218027544821,30.691888509699076,761
1014000,-40086.92654766061,7243.946768548944,-32842.979779111665,289.5468719366989,30.60847406377934,761
1014500,-40124.94640304867,7499.586406515964,-32625.35999653271,299.7650112855069,30.603468874897857,761
1015000,-39858.25499643048,7571.706514406298,-32286.54848202418,302.647714915253,30.457190800079402,761
1015500,-39816.50878604653,7554.156350024377,-32262.35243602215,301.946219534196,30.60475857482649,761
1016000,-40143.39826049848,7622.774566757173,-32520.623693741305,304.68894951933567,30.384889550686413,761
1016500,-40218.2372899082,7293.16840917001,-32925.06888073819,291.514303853137,30.726458608964,761
1017000,-40194.584591505845,7199.905179347477,-32994.679412158366,287.78649119456367,30.44252780664927,761
1017500,-39966.66342035498,7363.287388624422,-32603.376031730553,294.3170206335207,30.533541052725212,761
1018000,-40104.139616300934,7470.7845061828375,-32633.355110118096,298.6137742024989,30.80344184335663,762
1018500,-39798.24538518078,7399.712658374283,-32398.532726806498,295.7729704427206,30.812417612973636,762
1019000,-39859.17751985922,7479.913644868208,-32379.263874991015,298.97867383998687,30.744777611466684,762
1019500,-39903.93646143837,7521.893113599172,-32382.043347839193,300.6566298279282,30.78045070137439,762
1020000,-39653.059948243346,7345.8307946933965,-32307.22915354995,293.6192653450166,30.789187013860925,762
1020500,-39823.592610715685,7528.623409760143,-32294.969200955544,300.9256456369727,30.614887447874835,762
1021000,-39742.2301221815,7509.511301568345,-32232.718820613154,300.1617179991997,30.69841884364832,762
1021500,-39797.90323055224,7582.922000544673,-32214.98123000757,303.0960076805609,30.59540681585138,762
1022000,-39847.180951417045,7570.917249841648,-32276.263701575397,302.6161673220518,30.71857719248555,762
1022500,-39835.73856401746,7578.8460572852855,-32256.892506732176,302.93308867264227,30.530218387976245,762
1023000,-39727.28692797365,7327.447782107424,-32399.839145866223,292.8844802946693,30.526885985105114,762
1023500,-39912.935718054476,7522.744113761078,-32390.1916042934,300.6906450468096,30.57893107696132,762
1024000,-40028.49530550261,7332.452175925347,-32696.043129577265,293.08451028139007,30.57893107696132,762
1024500,-39923.8435611997,7617.202849895596,-32306.640711304102,304.46624313562916,30.77029991406282,762
1025000,-39728.17879628873,7688.969335209789,-32039.209461078943,307.3348121625076,30.606286838029884,761
1025500,-39754.928364743915,7680.873415426208,-32074.054949317706,307.0112111859013,30.606286838029884,761
1026000,-39859.974441958504,7337.209168617267,-32522.765273341236,293.2746514292725,30.513790539074673,761
1026500,-40122.48748787309,7450.780399411375,-32671.707088461717,297.81419260331984,30.200438734816252,761
1027000,-39952.09558316338,7361.557904449882,-32590.537678713496,294.24789164226746,30.117764286394724,761
1027500,-39979.16220246354,7401.054695283536,-32578.107507180008,295.82661282877245,29.933915541524104,761
1028000,-40377.093389614485,7362.480669775065,-33014.612719839424,294.2847753773328,30.019229735843695,761
1028500,-40366.5595067094,7355.986578746316,-33010.57292796308,294.02520089348786,30.172237979284247,761
1029000,-40272.09986349952,7263.29104132111,-33008.80882217841,290.3200793952889,30.04695037057871,761
1029500,-40222.7178430426,7239.762024127497,-32982.9558189151,289.37960405141496,30.155103277636766,761
1030000,-40135.2762415866,7468.187351273175,-32667.088890313426,298.5099636550094,30.162617393634783,761
1030500,-40455.01811258047,7604.709071624297,-32850.30904095617,303.96685591859006,30.21224915865008,761
1031000,-40167.589456216956,7534.131978928191,-32633.457477288764,301.1458279522791,30.42266204333123,761
1031500,-40149.6925485619,7643.64392593958,-32506.04862262232,305.52311601222397,30.562601071431096,761
1032000,-39967.9629794154,7536.179353789927,-32431.783625625474,301.2276633116265,30.439428741126054,761
1032500,-39569.696131681965,7439.974885588972,-32129.721246092995,297.38228678914,30.771992780748317,762
1033000,-39912.692472242925,7461.0574445689035,-32451.63502767402,298.2249750639301,30.737800771444626,761
1033500,-40086.909557253704,7389.180769279349,-32697.728787974356,295.35200164760704,30.749025202899176,761
1034000,-40072.333103710844,7445.584344175481,-32626.748759535363,297.6065017425179,30.41427304663158,761
1034500,-40007.15623297251,7449.987668051139,-32557.168564921376,297.7825064392747,30.71927255174417,761
1035000,-39834.09557290035,7478.2145362889805,-32355.88103661137,298.9107589877778,30.53388772539266,761
1035500,-39815.92893740116,7480.832262350947,-32335.096675050212,299.0153917821711,30.592901915313682,761
1036000,-39873.792787514016,7579.5021344041015,-32294.290653109914,302.9593126474411,30.447937545776615,761
1036500,-39999.70445031187,7431.148776435598,-32568.555673876268,297.029499506408,30.517757501893332,761
1037000,-40290.74886169736,7428.029649276915,-32862.719212420445,296.90482527275816,30.714835697363885,761
1037500,-39645.63135027766,7343.496219880681,-32302.13513039698,293.5259503530761,30.908609850642666,761
1038000,-39799.02060626514,7491.405229770362,-32307.61537649478,299.4380025137507,30.883311493778802,761
1038500,-39847.25753434084,7453.722371601351,-32393.53516273949,297.931785798321,30.883311493778802,761
1039000,-39684.30618862863,7394.959733511581,-32289.346455117047,295.58299188952077,30.971327332657,761
1039500,-39977.36635603398,7582.394605067726,-32394.97175096625,303.07492722324906,30.70344568062358,761
1040000,-39776.243043396185,7520.879208058939,-32255.363835337244,300.6161031389569,30.671757572083784,761
1040500,-40001.39937842669,7485.092798806646,-32516.306579620046,299.1856891411848,31.087692770106145,761
1041000,-39907.979285977286,7388.572255840442,-32519.407030136845,295.32767883458865,31.05565522128658,762
1041500,-39679.55401257292,7405.537667167317,-32274.016345405602,296.0058011258986,31.053905544448707,761
1042000,-40296.17466817741,7703.110679274739,-32593.06398890267,307.9000540216505,30.554282968184765,761
1042500,-40012.58722138402,7272.063896908049,-32740.52332447597,290.6707380865122,30.517294993520498,761
1043000,-39956.40452567913,7461.086997260703,-32495.317528418425,298.22615631080305,30.517294993520498,761
1043500,-39883.61204475007,7623.030790438242,-32260.58125431183,304.69919100339683,30.667457287985503,761
1044000,-40068.56312659793,7584.891403939388,-32483.671722658546,303.1747264523493,30.687393080076237,761
1044500,-39580.75408892028,7329.979677810815,-32250.774411109465,292.9856823747522,30.856625127237074,761
1045000,-39624.61996555087,7433.907318855671,-32190.712646695196,297.1397608534826,30.66673370990587,761
1045500,-39635.835981265904,7292.59907240224,-32343.236908863662,291.4915469658415,30.66673370990587,761
1046000,-39995.297982028715,7348.6874984571,-32646.610483571614,293.73345028663175,30.592176888206847,761
1046500,-39765.91206243579,7389.5515453745265,-32376.360517061265,295.3668218915953,30.643501494115217,761
1047000,-40149.523505109944,7624.956082598632,-32524.56742251131,304.77614661066684,30.643501494115217,761
1047500,-39774.474078791856,7671.291481841225,-32103.18259695063,306.62821294125894,30.29614517862217,761
1048000,-39733.31505775175,7580.001635233885,-32153.313422517866,302.9792781313706,30.45761278177955,761
1048500,-40138.179384101095,7560.395415206294,-32577.7839688948,302.19560041245927,30.408207501148144,761
1049000,-40298.6143689047,7752.543435290582,-32546.07093361412,309.8759244045943,30.053473882218796,761
1049500,-40529.58274404524,7385.967577312771,-33143.615166732474,295.22356756152374,30.12441494097227,761
1050000,-40379.097516817536,7349.354595046921,-33029.742921770616,293.76011471929996,30.02860825087069,761
