#"Step","Potential Energy (kJ/mole)","Kinetic Energy (kJ/mole)","Total Energy (kJ/mole)","Temperature (K)","Box Volume (nm^3)","Speed (ns/day)"
1250500,-39979.92811344724,7449.290331696059,-32530.637781751182,297.754633296808,30.334573279528623,0
1251000,-40076.222478064796,7410.386104021345,-32665.83637404345,296.19959737671616,30.252004933341343,760
1251500,-40160.34668931994,7579.712554117054,-32580.634135202883,302.96772330693733,30.063358838160454,762
1252000,-40496.08264192179,7402.7501037232405,-33093.33253819855,295.8943797831768,29.969523673408492,765
1252500,-40298.75823028374,7328.455474469494,-32970.30275581425,292.9247586374891,29.83002547218432,767
1253000,-39798.01941746808,7414.064835419382,-32383.954582048696,296.34663948001014,30.101220786351586,767
1253500,-39958.562311754795,7594.398990739874,-32364.163321014923,303.55475299115545,30.30334989264811,764
1254000,-40051.34321862637,7714.540220959859,-32336.80299766651,308.3569027739032,30.304828646225292,742
1254500,-39558.19776099321,7359.293575622241,-32198.904185370964,294.1573844436329,30.404847473316106,745
1255000,-39595.734878805844,7425.609782383472,-32170.125096422373,296.8081010819425,30.89422549832928,748
1255500,-40084.55362781888,7242.68427479491,-32841.86935302397,289.49640895995435,30.89422549832928,750
1256000,-39974.752389001194,7339.752061928404,-32635.00032707279,293.3762930933313,30.836702125865976,753
1256500,-40075.271030207514,7288.926053775685,-32786.34497643183,291.3447332070075,30.379717214597175,755
1257000,-40258.03159996186,7489.72525883233,-32768.30634112953,299.3708526097559,30.493966971114773,756
1257500,-40024.52111682098,7566.3185594818215,-32458.20255733916,302.4323536564857,30.53781485455171,756
1258000,-40144.70465537021,7773.030811547164,-32371.673843823046,310.6948227066965,30.522876283807186,756
1258500,-39806.29443704453,7578.259871978596,-32228.034565065936,302.90965833454754,30.522876283807186,757
1259000,-39765.67795109836,7465.560698636006,-32300.117252462354,298.4049740576178,30.61922864320652,756
1259500,-39857.03876587728,7310.05499069005,-32546.983775187233,292.18927524829684,30.31640722084979,757
1260000,-40035.85026820761,7523.172572965738,-32512.67769524187,300.70777093500647,29.90141070195002,758
1260500,-39708.35523880346,7273.729743387948,-32434.625495415512,290.7373234235933,30.373179098522126,758
1261000,-40127.15355887436,7440.5919906510535,-32686.561568223304,297.406953016832,30.142408989936182,759
1261500,-39869.95388150742,7420.325959455822,-32449.627922051597,296.5969020699328,30.122205928864688,759
1262000,-40154.62275717573,7559.443270107408,-32595.179487068326,302.1575423422082,30.313694761652204,748
1262500,-39780.43725680889,7440.4930523530265,-32339.94420445586,297.4029983667464,30.65064253212852,749
1263000,-39861.2206372254,7420.208290891078,-32441.012346334323,296.5921987547463,30.848140970001584,749
1263500,-39845.04213869499,7717.168664249562,-32127.873474445427,308.4619639452388,30.89201823503301,750
1264000,-39519.95636918192,7471.857179872864,-32048.099189309054,298.65664990568666,30.78719371039823,750
1264500,-39741.92660278952,7440.4512807973715,-32301.475321992148,297.4013287212255,30.50962103570345,750
1265000,-40088.00199435209,7650.916821907754,-32437.085172444335,305.81382000892484,30.532007802703372,750
1265500,-39890.70247901423,7426.948775433513,-32463.753703580718,296.8616218022862,30.822944864689045,751
1266000,-39797.10691453211,7376.6251145209235,-32420.481800011185,294.85014117339665,30.611816132680598,751
1266500,-39632.88138665995,7566.975531679128,-32065.905854980825,302.4586134083526,30.737732753001488,752
1267000,-39483.41993240142,7365.405250641099,-32118.01468176032,294.4016734259439,30.62400857791846,753
1267500,-40273.469989253645,7500.794025927028,-32772.67596332662,299.81328088689077,30.62400857791846,753
1268000,-40216.081717717985,7205.378628619616,-33010.703089098366,288.0052697369921,30.546722637226278,753
1268500,-39975.60093356887,7339.76456076943,-32635.836372799444,293.37679268291106,30.45321921428468,754
1269000,-39861.76074548473,7558.754343529729,-32303.006401955,302.1300053458809,30.338355049952394,754
1269500,-40023.92820935839,7518.450789367775,-32505.477419990617,300.5190371253257,30.447252630549354,755
1270000,-39804.188672280376,7371.3749281754845,-32432.81374410489,294.6402866449223,30.510388053308976,755
1270500,-39537.10336590887,7526.971818580671,-32010.1315473282,300.859630096686,30.672381469609963,751
1271000,-39641.152442395396,7454.44478186625,-32186.707660529144,297.9606611668376,30.563566129655594,752
1271500,-39846.609369139536,7375.361779518314,-32471.247589621224,294.7996445712126,30.479714187043392,751
1272000,-39719.55353477245,7636.220648084045,-32083.332886688404,305.2264011202925,30.620743503648622,751
1272500,-39534.5835908587,7564.168623709461,-31970.41496714924,302.3464188480668,30.42880597877418,751
1273000,-39830.9549127635,7527.796178781977,-32303.15873398152,300.89258049310155,30.42880597877418,752
1273500,-39927.349605668016,7720.819063363942,-32206.530542304074,308.607873582438,30.859265177147563,752
1274000,-39943.0742258596,7501.318305359734,-32441.755920499865,299.8342367931958,30.668197805772003,753
1274500,-39758.153016704484,7246.686643758429,-32511.466372946055,289.65638713908106,30.720282793020495,753
1275000,-39993.76786203045,7358.3289531493265,-32635.438908881122,294.1188276418567,30.962041330424835,754
1275500,-40016.84906544481,7327.7884940128,-32689.06057143201,292.8980988467632,30.711847894252205,754
1276000,-39917.227979483316,7368.119160823176,-32549.10881866014,294.51015078352873,30.535997674273762,754
1276500,-40206.90787130958,7773.9978561799835,-32432.910015129597,310.73347632431717,30.559655226471836,754
1277000,-39730.05312520935,7548.082398646741,-32181.97072656261,301.7034383987346,30.916479103664816,754
1277500,-39759.69910276,7461.331798111314,-32298.367304648687,298.2359412143655,31.177384345479553,754
1278000,-39534.04637410169,7592.31460749997,-31941.731766601715,303.4714383746467,31.42815615384831,754
1278500,-39582.873920290964,7675.7999920082675,-31907.073928282698,306.8084220258466,31.13790701677046,754
1279000,-39642.754030485376,7530.460124210466,-32112.29390627491,300.99906071589646,31.201486572699327,754
1279500,-39617.28552062728,7375.74501713239,-32241.54050349489,294.81496291298254,31.137688109441385,754
1280000,-39653.80252490073,7389.98552958129,-32263.816995319445,295.3841686189462,30.953954603879005,755
1280500,-39696.11794088557,7457.292897659354,-32238.825043226214,298.0745028397758,30.73430211606717,755
1281000,-39738.28668477869,7130.054366339375,-32608.232318439317,284.9944932609866,30.73430211606717,755
1281500,-40073.02620177317,7497.910900710832,-32575.115301062342,299.69803985676947,31.08658689282531,756
1282000,-40032.97049462653,7476.052514200338,-32556.917980426188,298.8243410787531,30.69147980581486,756
1282500,-40010.37072612898,7454.170398634127,-32556.200327494855,297.9496938296785,30.650773802911885,756
1283000,-39747.804088129895,7420.574043200834,-32327.23004492906,296.60681819364845,30.73557316806899,757
1283500,-39599.82978840705,7406.228689875578,-32193.60109853147,296.033421906394,30.9980803950398,757
1284000,-39710.366107178736,7402.2782217714,-32308.087885407334,295.8755182498933,30.477041902515154,757
1284500,-39804.289490811614,7481.5710180245205,-32322.71847278709,299.04492049093216,30.501749025428314,757
1285000,-39848.45666320741,7589.40711710489,-32259.049546102524,303.3552234470693,30.461208582230057,757
1285500,-39872.10514516977,7254.329565022504,-32617.775580147267,289.96188136966805,30.62302603306077,755
1286000,-40116.911433793255,7461.634420291614,-32655.27701350164,298.2480372869188,30.537958991952173,756
1286500,-40164.5197698471,7461.634800037213,-32702.88496980989,298.24805246568167,30.288130796882413,756
1287000,-40120.547383753874,7340.751269683645,-32779.79611407023,293.41623229901415,30.341276621063937,756
1287500,-40219.11782231371,7573.017045578143,-32646.10077673557,302.7000979894952,30.42738361421399,756
1288000,-40296.97710665915,7823.042243706771,-32473.934862952377,312.6938232799419,30.42738361421399,757
1288500,-40275.37911693301,7552.444217713204,-32722.934899219803,301.8777841120592,30.32123652227262,757
1289000,-39931.33601522868,7156.62711508828,-32774.708900140395,286.056629210468,30.23034572152928,757
1289500,-40312.96655034978,7610.116559103466,-32702.849991246316,304.1829979106085,30.250053531372462,757
1290000,-39828.13265536117,7550.760768926428,-32277.371886434747,301.81049519541597,30.29765871582806,757
1290500,-40073.71031230586,7604.999622463907,-32468.710689841955,303.9784694891249,30.39653628878349,758
1291000,-39665.750837057945,7516.418837484722,-32149.331999573224,300.4378182358913,30.379698717830987,758
1291500,-39724.105145454116,7429.171202338024,-32294.93394311609,296.95045414449817,30.32563525269313,758
1292000,-39810.87509032388,7462.695879241982,-32348.1792110819,298.29046472717863,30.424852651271568,758
1292500,-39904.572342926054,7584.975610034124,-32319.59673289193,303.1780922434171,30.530658685684287,758
1293000,-40128.51272992528,7524.464805395978,-32604.0479245293,300.7594225925829,30.479675902620922,758
1293500,-39893.50658981025,7443.945828913284,-32449.560760896966,297.54100885805195,30.772699499035323,759
1294000,-39907.32879500775,7435.4515255106335,-32471.877269497116,297.2014841406428,31.009722436377732,757
1294500,-39812.14317540976,7553.152643500867,-32258.99053190889,301.90610050882066,30.952758409965252,756
1295000,-39714.92917030607,7405.280870327962,-32309.64829997811,295.99553673220083,30.781366132849705,756
1295500,-40171.80562722916,7352.63315955774,-32819.172467671415,293.89116180300744,30.7039033668691,756
1296000,-40155.88548615904,7414.508838100847,-32741.37664805819,296.36438665453494,30.7039033668691,757
1296500,-40138.02667978048,7132.381574285566,-33005.645105494914,285.0875137928452,30.711169009802507,757
1297000,-40288.398498740775,7307.833800736352,-32980.564698004426,292.100492348088,30.411590500310243,755
1297500,-40167.54088185221,7511.3902502766305,-32656.150631575583,300.23682121825925,30.670601339100497,755
1298000,-40064.24680098449,7492.5062129095095,-32571.74058807498,299.4820097703169,30.433146518301744,756
1298500,-39968.93820679854,7337.848045542135,-32631.09016125641,293.30018789731383,30.851857566971958,756
1299000,-40135.536852871155,7589.070474234515,-32546.46637863664,303.34176753785414,30.97335970551996,756
1299500,-40060.15825756345,7511.350967924543,-32548.80728963891,300.23525106837644,30.842979652354035,756
1300000,-39727.076256893575,7263.69427506681,-32463.381981826766,290.33619699988446,30.782485601261218,756
1300500,-40040.44978902643,7578.916293083193,-32461.53349594324,302.9358960587581,30.57565950595891,756
1301000,-40106.708662050194,7462.554778098409,-32644.153883951785,298.2848247913738,30.616278050537584,756
1301500,-39885.037715205865,7311.635363551364,-32573.4023516545,292.2524441302762,30.801366146188155,757
1302000,-40107.22221398007,7534.691658790539,-32572.530555189533,301.1681988446402,30.537576244131838,757
1302500,-40045.76785854364,7622.765958102584,-32423.001900441053,304.68860542390166,30.79320415289223,757
1303000,-39905.666522341286,7585.445179178447,-32320.22134316284,303.1968613317664,30.589167071890618,757
1303500,-40244.352741246024,7648.094206908121,-32596.258534337903,305.7009976249485,30.624886498321462,757
1304000,-40078.65034579637,7306.880833434466,-32771.769512361905,292.0624014136657,30.344302775616136,757
1304500,-40492.84868726632,7574.5562772259955,-32918.292410040325,302.761622421281,30.51315883701292,758
1305000,-40312.59524032936,7270.910904422805,-33041.68433590656,290.6246519710097,30.512689814571665,756
1305500,-40287.97719724546,7315.742419115437,-32972.23477813003,292.4166067241554,30.47472002294584,756
1306000,-40333.84407198863,7417.828504721051,-32916.015567267576,296.4970766254118,30.701563635767105,756
1306500,-39644.776315312105,7394.850463866801,-32249.925851445303,295.57862428649236,30.82514234462077,757
1307000,-39861.01967437024,7302.420517368696,-32558.599157001543,291.8841186893504,30.889297926691697,756
1307500,-39809.56257774102,7230.998191062657,-32578.56438667836,289.0293059982712,30.69179749793902,756
1308000,-40086.2986944404,7261.816688399913,-32824.48200604048,290.2611482228075,30.716818031432954,756
1308500,-39876.09132484786,7279.4133229685785,-32596.67800187928,290.9645010577691,30.716818031432954,757
1309000,-39866.56741453,7466.838891043677,-32399.728523486323,298.45606452324364,30.86518752010046,757
1309500,-40008.92662368197,7649.241514929427,-32359.685108752543,305.7468565274682,30.593834148865785,757
1310000,-39979.833669117856,7522.679821129415,-32457.15384798844,300.6880752142334,30.4592139424236,757
1310500,-40305.61971887181,7543.73734370975,-32761.88237516206,301.5297627622899,30.4592139424236,757
1311000,-40018.292509160616,7616.036264728542,-32402.256244432072,304.4196137087765,30.532039194416154,757
1311500,-40120.89185049647,7410.015773408956,-32710.876077087512,296.18479493906364,30.314189226845702,756
1312000,-40253.19895985242,7519.209507033434,-32733.98945281899,300.5493637323252,30.56553934208384,757
1312500,-40063.5511140748,7537.684276946265,-32525.866837128535,301.28781640307585,30.660655610485833,757
1313000,-39810.91913581491,7371.7350044432515,-32439.184131371658,294.6546792074745,30.660433833008984,757
1313500,-39915.849202060665,7762.740254227412,-32153.10894783325,310.28350015317415,30.57869949328718,755
1314000,-40179.3789378721,7571.416450686003,-32607.962487186094,302.6361208153021,30.521631086390844,755
1314500,-40070.04712547164,7237.096894748751,-32832.95023072289,289.27307650509545,30.219481651757246,755
1315000,-40180.10582081677,7575.998388000715,-32604.107432816054,302.81926484703973,30.197890188201868,755
1315500,-39851.451218062895,7721.148145285781,-32130.303072777115,308.621027273944,30.395272065856005,754
1316000,-39677.10752822849,7562.300507704166,-32114.80702052432,302.2717486215963,30.73249742439919,754
1316500,-39774.6380687411,7381.492369314277,-32393.145699426823,295.04468959366574,30.733465711962797,754
1317000,-39854.26181797372,7483.075985105473,-32371.185832868247,299.10507533808664,30.733465711962797,755
1317500,-39965.03415240845,7331.638003330215,-32633.396149078235,293.0519670924809,30.465897453385676,755
1318000,-39931.09624383185,7294.175610378465,-32636.92063345339,291.55456256411827,30.796939213859634,755
1318500,-39678.93780444548,7004.577718260502,-32674.360086184977,279.9790821718163,30.687349978811785,755
1319000,-40048.7084698987,7293.119261997365,-32755.589207901336,291.5123393977706,30.51209128432305,755
1319500,-40044.88255569394,7093.2720196749815,-32951.61053601896,283.52427077600004,30.46656915252953,755
1320000,-39916.381450617424,7214.27483496995,-32702.106615647474,288.36085886583913,30.552876786894387,755
1320500,-39930.9312806041,7399.8244010487115,-32531.106879555387,295.7774368949014,30.541506186991313,755
1321000,-40062.70228912341,7283.436344263462,-32779.265944859944,291.12530472859754,30.34919755175633,755
1321500,-40309.02593356228,7501.373259869961,-32807.652673692326,299.8364333729117,30.037719338145607,755
1322000,-40009.242913055525,7248.141213295909,-32761.101699759616,289.71452755245633,30.580542366207933,755
1322500,-40071.732049352664,7658.670243838868,-32413.061805513797,306.1237310475739,30.768303900703724,755
1323000,-39949.529972217046,7539.778795529686,-32409.751176687358,301.37153613810705,30.7812820006918,756
1323500,-40217.068219280685,7621.293699214954,-32595.77452006573,304.6297579517688,30.36504367058341,756
1324000,-40214.40456175219,7277.5718103715835,-32936.83275138061,290.89089419273705,30.36504367058341,756
1324500,-39913.496411276166,7417.148273072568,-32496.348138203597,296.4698871729899,30.487155361838326,756
1325000,-39962.04975617991,7392.710107250228,-32569.339648929687,295.49307236528716,30.487155361838326,756
1325500,-39972.54816856305,7378.220137713285,-32594.328030849767,294.91389564188887,30.550734545045437,756
1326000,-39714.85491801554,7286.71946130704,-32428.1354567085,291.256533781011,30.642286770031955,756
1326500,-39898.71779739854,7357.136226074853,-32541.581571323684,294.07115330015836,30.642286770031955,756
1327000,-40158.80858966356,7637.691974098554,-32521.116615565006,305.2852113046729,30.37156963842398,756
1327500,-39857.5791264344,7221.229436614129,-32636.349689820272,288.6388403607309,30.37156963842398,756
1328000,-40130.478464297164,7214.633367075463,-32915.8450972217,288.3751897068788,30.086367566985913,756
1328500,-40008.23473420867,7274.437421000457,-32733.797313208215,290.7656099151411,30.310080435683346,755
1329000,-40131.01206410036,7473.869758226329,-32657.14230587403,298.7370944182421,30.571209810965392,755
1329500,-40208.16642845658,7281.040485476853,-32927.12594297972,291.02954016275663,30.387634596505023,755
1330000,-40037.23788702479,7469.586727218611,-32567.65115980618,298.56589793236,30.546739432749295,755
1330500,-39978.51541131435,7436.267312522118,-32542.24809879223,297.234091859182,30.29905782322742,755
1331000,-40217.017027679394,7661.139983819312,-32555.877043860084,306.2224487091861,30.264813028236066,755
1331500,-39997.959703979315,7786.567086212213,-32211.392617767102,311.23587941406464,30.219889033673685,755
1332000,-39952.402692847274,7610.032414271908,-32342.370278575367,304.17963456828346,30.219889033673685,755
1332500,-40093.3976131058,7378.873852188213,-32714.52376091759,294.9400251797503,30.36004203915453,755
1333000,-40009.28497563573,7665.912343218543,-32343.372632417188,306.4132040777656,30.051547898055308,755
1333500,-40210.48039363793,7746.898599439959,-32463.581794197973,309.65029539110674,30.053085791982927,755
1334000,-39857.546633540594,7269.648207704569,-32587.898425836025,290.5741808816089,30.39686876081563,755
1334500,-40007.257451062935,7633.782087893649,-32373.475363169287,305.12892974208967,30.412349469197714,755
1335000,-39870.22631811342,7564.24498381515,-32305.981334298267,302.34947102810753,30.7009328497594,755
1335500,-39911.6174772642,7290.343075625643,-32621.274401638555,291.40137280655597,30.786416117473763,755
1336000,-39818.53718220655,7279.890137668303,-32538.647044538247,290.98355975728884,30.750039484284848,755
1336500,-39937.89228502105,7218.592741284861,-32719.29954373619,288.5334493481749,30.750039484284848,756
1337000,-39877.87234215261,7461.114846287566,-32416.757495865044,298.2272694607022,30.62650254796269,756
1337500,-40168.51270773471,7604.766759546262,-32563.74594818845,303.9691617551577,30.489413233476046,756
1338000,-40028.5341402489,7537.995554464556,-32490.538585784343,301.30025843703953,30.337500350981585,756
1338500,-40073.68223725687,7462.533000355192,-32611.149236901678,298.2839543159786,30.45610552080219,756
1339000,-39805.731831471756,7344.398234657798,-32461.333596813958,293.5620046706326,30.70106937416474,756
1339500,-40209.0188850642,7218.410567047239,-32990.60831801696,288.5261676849688,30.537835287018794,756
1340000,-40124.37066111376,7503.932721648854,-32620.437939464908,299.93873729308103,30.285768466115098,755
1340500,-40073.5102289565,7647.255113984698,-32426.2551149718,305.66745834877713,30.285768466115098,755
1341000,-40151.38873616079,7423.347355515485,-32728.041380645307,296.71766990629453,30.34691056532783,755
1341500,-39936.29111133906,7424.626640831953,-32511.664470507105,296.76880405643846,30.34691056532783,755
1342000,-39791.53152425456,7587.370971015279,-32204.160553239282,303.2738369115397,30.61038542511507,755
1342500,-39752.65368493178,7353.146414025101,-32399.507270906677,293.9116770318295,30.361153496691028,755
1343000,-40199.23773396417,7523.971462316849,-32675.26627164732,300.73970323931906,30.361153496691028,756
1343500,-39948.999903602846,7422.78565117307,-32526.214252429774,296.69521809369894,30.486692299773942,756
1344000,-40052.5389427894,7373.951866340319,-32678.58707644908,294.74328911148405,30.66703014526243,756
1344500,-40091.26530188572,7490.251897653574,-32601.01340423215,299.39190282287916,30.54430885732665,756
1345000,-40127.934663430526,7377.246625727096,-32750.68803770343,294.8749835185119,30.339197507667034,756
1345500,-40203.31767535544,7592.473443044958,-32610.844232310486,303.47778716994753,30.329702558423417,756
1346000,-40011.25860016214,7326.096844704663,-32685.161755457477,292.83048214812715,30.342883342936414,756
1346500,-39888.59896973398,7615.330629628979,-32273.268340105,304.391408858253,30.350273860341943,756
1347000,-39774.3868470513,7620.393380877728,-32153.993466173568,304.59377144239477,30.186819968840027,756
1347500,-39931.83786959635,7619.765380121061,-32312.072489475286,304.5686697042848,30.612108966399198,756
1348000,-39875.29965969012,7685.282550883792,-32190.01710880633,307.1874481766577,30.47685437717384,755
1348500,-39851.08134445685,7590.066484166433,-32261.014860290416,303.3815789237491,30.47685437717384,755
1349000,-39954.658461231884,7612.260983037944,-32342.39747819394,304.2687124060587,30.52185365074829,755
1349500,-39846.05247244204,7533.433336581793,-32312.619135860245,301.11790260820004,30.66744952065879,755
1350000,-39704.513628196204,7228.9102840974665,-32475.603344098738,288.9458505353886,30.410635208960166,755
