#"Step","Potential Energy (kJ/mole)","Kinetic Energy (kJ/mole)","Total Energy (kJ/mole)","Temperature (K)","Box Volume (nm^3)","Speed (ns/day)"
225500,12.221743392798857,24.684556473970865,36.90629986676972,329.8744155899607,8.0,0
226000,24.77954180173376,23.70218906990958,48.481730871643336,316.74645545622064,8.0,633
226500,17.896510374526923,18.68623114201777,36.582741516544694,249.71522514702292,8.0,657
227000,21.203176407414496,18.95906361259119,40.16224002000568,253.36124778791074,8.0,658
227500,18.306229268228748,18.853343421110047,37.159572689338795,251.94844596513238,8.0,661
228000,9.76035271987922,28.16357931068957,37.92393203056879,376.3666677921367,8.0,655
228500,28.803235598249206,33.22261705515816,62.02585265340737,443.97359932294546,8.0,649
229000,23.14227359467132,20.617645202905603,43.75991879757692,275.5258604432023,8.0,648
229500,7.951080380880972,29.208678514501518,37.15975889538249,390.33295029166345,8.0,650
230000,15.93357149496963,22.43735123639233,38.37092273136196,299.84367490241414,8.0,651
230500,15.601427944758955,30.307987180971242,45.9094151257302,405.02366609557373,8.0,652
231000,27.36802121327386,29.365523755368287,56.73354496864215,392.428966569029,8.0,653
231500,26.00211171623523,24.060395532933917,50.062507249169144,321.533381556161,8.0,652
232000,7.765480801399438,14.156392520402546,21.921873321801982,189.1802963708941,8.0,654
232500,9.664671706464208,26.192105632427396,35.856777338891604,350.02069199332146,8.0,652
233000,11.104803245327052,20.586166690336473,31.690969935663524,275.10519434987657,8.0,654
233500,15.711270962307662,14.768726442350069,30.47999740465773,197.36327891146937,8.0,655
234000,17.280623774571147,24.422095838924175,41.70271961349532,326.36699795850797,8.0,657
234500,10.09107894852183,26.022952975722454,36.11403192424429,347.76020439513957,8.0,657
235000,14.992889811880845,17.857472502782038,32.85036231466288,238.64003033559106,8.0,658
235500,12.944062193238013,16.057456956300832,29.001519149538844,214.58535157016723,8.0,661
236000,15.290142374635746,21.469653171508536,36.75979554614428,286.9117498764294,8.0,663
236500,22.355815425902552,28.41266092648777,50.76847635239032,379.69529362879194,8.0,659
237000,12.88106220273529,22.926449329602637,35.80751153233793,306.37978373767083,8.0,661
237500,5.373610640314348,15.905313761643084,21.278924401957433,212.55217153403268,8.0,662
238000,14.138511965261689,5.854506411824342,19.99301837708603,78.23725264031707,8.0,663
238500,12.04141043712339,36.58600805270124,48.62741848982463,488.9205944567243,8.0,664
239000,11.797058531211741,22.89232283860055,34.68938136981229,305.9237311329858,8.0,665
239500,10.825540770852506,37.978928465166454,48.80446923601896,507.53501872275507,8.0,666
240000,24.258628641913873,12.936405804617877,37.19503444653175,172.87688798997598,8.0,666
240500,8.074829477130685,16.47951798548436,24.554347462615045,220.22560423146277,8.0,664
241000,13.155832770748152,14.961102354947517,28.11693512569567,199.93411269609035,8.0,664
241500,17.142018719824097,19.31727704246424,36.459295762288335,258.1482669899956,8.0,664
242000,19.296075156154412,26.022421870374895,45.31849702652931,347.75310691836995,8.0,664
242500,14.087267085281464,25.342601735816725,39.42986882109819,338.66826596406173,8.0,665
243000,17.416108742746797,18.382548302726924,35.79865704547372,245.65693067284823,8.0,665
243500,29.9916615001547,13.444342321321106,43.43600382147581,179.66474588731998,8.0,665
244000,2.3580164528722545,24.380677308177955,26.738693761050207,325.81349748792377,8.0,665
244500,8.810319795314616,16.610441527420587,25.420761322735203,221.97521342248558,8.0,666
245000,15.28791059878067,16.886144299995014,32.17405489877568,225.65959361685617,8.0,667
245500,11.368961369972256,24.896536197345355,36.26549756731761,332.7072267623558,8.0,667
246000,21.962993060602937,21.375477398149652,43.33847045875259,285.65322298200243,8.0,668
246500,25.150587293774535,14.286271554344943,39.43685884811948,190.9159471801081,8.0,668
247000,21.42273798208371,33.42707477856631,54.84981276065002,446.70588953416456,8.0,668
247500,12.658914388897314,27.48279262357141,40.14170701246872,367.26891022086596,8.0,668
248000,22.955190513829535,29.807497831032514,52.76268834486205,398.3353291188033,8.0,668
248500,24.123150390078,27.413979545078934,51.53712993515693,366.3493201088626,8.0,669
249000,7.284634234303544,28.627955244583553,35.9125894788871,382.57239970264726,8.0,669
249500,7.667900673389877,29.15090469367041,36.818805367060286,389.5608843481997,8.0,668
250000,5.986175262852962,19.182119883350005,25.168295146202965,256.34208145360077,8.0,668
250500,16.039568038765253,24.08373273085237,40.12330076961762,321.84525041768876,8.0,669
251000,11.256002066143028,7.195279516006866,18.451281582149893,96.15480139787023,8.0,669
251500,9.688557348887482,19.447971215898537,29.13652856478602,259.8948109932518,8.0,669
252000,17.665481567439695,20.313527429629975,37.97900899706967,271.4617536874012,8.0,667
252500,14.067188518496256,25.99915068067629,40.066339199172546,347.4421201639591,8.0,668
253000,21.689323933607284,8.369655611505362,30.058979545112646,111.84868792136861,8.0,667
253500,13.658843602807512,21.973986753486408,35.63283035629392,293.6514596132752,8.0,666
254000,8.931748477261934,21.464197871151782,30.395946348413716,286.83884745183246,8.0,665
254500,15.403452880627594,20.98251362132468,36.385966501952275,280.4018142169776,8.0,666
255000,4.8218015486024015,23.179023277780455,28.000824826382857,309.7550796898692,8.0,666
255500,21.947045619242203,31.34934931543971,53.29639493468191,418.94000791388964,8.0,666
256000,17.895210182226524,9.503010620028427,27.39822080225495,126.99438525187281,8.0,666
256500,4.401015516957094,15.287650921374322,19.688666438331417,204.29797548719898,8.0,667
257000,10.755058658835678,34.285887888833976,45.040946547669655,458.18272012454906,8.0,667
257500,26.952262998118695,25.17238116959235,52.12464416771104,336.39350725556034,8.0,668
258000,25.54352777860476,23.878278562200492,49.42180634080525,319.099644115788,8.0,668
258500,7.2758979118212945,21.25054376724934,28.526441679070636,283.98366053617804,8.0,669
259000,31.706975866292524,15.334197626521984,47.04117349281451,204.92000680359772,8.0,668
259500,7.3691675658039095,20.03440629274114,27.403573858545048,267.73169185675414,8.0,667
260000,11.340619639127192,20.806025772433053,32.14664541156024,278.0433020811308,8.0,666
260500,13.402513691323428,21.29259946882244,34.695113160145866,284.5456758996415,8.0,666
261000,18.43819020748267,13.325300271983485,31.763490479466157,178.0739161514369,8.0,666
261500,3.2977036302885385,23.161954636965817,26.459658267254355,309.5269812867409,8.0,667
262000,13.582615331595726,17.50243372535953,31.085049056955256,233.89543590313602,8.0,667
262500,15.799362077779067,26.606353048564117,42.40571512634318,355.5565266943357,8.0,668
263000,15.976961347852678,17.284294804647526,33.2612561525002,230.9803157119681,8.0,668
263500,26.72082960550821,28.18563909425895,54.90646869976716,376.66146580565027,8.0,668
264000,24.34867230681608,16.933751851555453,41.28242415837153,226.2958016550775,8.0,667
264500,16.15456179720337,28.159727073883545,44.314288871086916,376.3151880595986,8.0,667
265000,8.84607980343697,29.736386744345253,38.582466547782225,397.3850293559673,8.0,668
265500,18.259528972179282,27.603580653522695,45.86310962570198,368.8830725345562,8.0,668
266000,24.0158836309472,39.800744503581555,63.816628134528756,531.8810304332877,8.0,668
266500,16.89524180749304,26.77604961522696,43.67129142272,357.824282884914,8.0,669
267000,12.374441757110763,16.673932384257128,29.04837414136789,222.82367951975348,8.0,669
267500,14.633357779879157,27.085534961524594,41.71889274140375,361.9601197127395,8.0,669
268000,19.595807835401594,20.201119827935223,39.79692766333682,269.9595840228976,8.0,669
268500,13.01944967388752,16.32644828680531,29.34589796069283,218.18004277081724,8.0,669
269000,12.768890891070384,29.846357533807314,42.6152484248777,398.8546344486906,8.0,669
269500,21.64358272579324,19.84004016565664,41.48362289144988,265.1342616517557,8.0,670
270000,2.9772649140607825,25.84856116387045,28.825826077931232,345.4297028494053,8.0,670
270500,9.581962042033927,8.979830487389455,18.561792529423382,120.00281784475561,8.0,670
271000,2.0120892024254844,16.756771083100748,18.768860285526234,223.93070234181985,8.0,670
271500,13.55145030349716,11.189327388925031,24.740777692422192,149.52963960112115,8.0,670
272000,8.77066619576891,13.419239674724151,22.189905870493064,179.329284284651,8.0,669
272500,5.968168286716963,13.234183382766378,19.202351669483342,176.85626694584707,8.0,668
273000,12.475837650627245,20.48171325307192,32.957550903699165,273.70932091741935,8.0,667
273500,22.854555964212846,15.967788936684652,38.8223449008975,213.3870644711389,8.0,667
274000,15.106548538369738,30.089015158483118,45.19556369685286,402.09741266967205,8.0,668
274500,14.379764633339935,22.570812728234376,36.95057736157431,301.6272002281206,8.0,668
275000,15.182485118029271,26.295374375335154,41.47785949336443,351.4007336501901,8.0,667
