#"Step","Potential Energy (kJ/mole)","Kinetic Energy (kJ/mole)","Total Energy (kJ/mole)","Temperature (K)","Box Volume (nm^3)","Speed (ns/day)"
500500,13.4639510000761,20.54881975451694,34.01277075459304,274.6061050249161,8.0,0
501000,13.914003224193392,18.336538262592263,32.25054148678566,245.04207113033647,8.0,709
501500,13.029155185847387,13.42563595926876,26.454791145116147,179.41476164084028,8.0,706
502000,17.115855599175575,19.67199124759908,36.787846846774656,262.8885239698485,8.0,710
502500,23.37885427628959,24.62937162897406,48.00822590526365,329.1369476710237,8.0,714
503000,9.203610011276805,32.756385147979145,41.95999515925595,437.7430649371141,8.0,708
503500,16.096273061513067,13.523614082775135,29.6198871442882,180.7241016027046,8.0,689
504000,12.354448281955676,38.67680575015744,51.03125403211312,516.8611681223873,8.0,690
504500,10.316250009147518,17.282724558583023,27.598974567730544,230.9593315795043,8.0,687
505000,12.65628602618417,23.669729494530966,36.32601552071513,316.31267883683483,8.0,686
505500,14.419770834043486,14.021059644907652,28.44083047895114,187.3717626319524,8.0,684
506000,6.412556056883452,21.433907058005133,27.846463114888586,286.43405329257615,8.0,685
506500,12.218029283352799,16.89053702010216,29.108566303454957,225.71829614933725,8.0,682
507000,18.406219276302025,27.913491806511875,46.319711082813896,373.0245996705579,8.0,681
507500,16.20516603561715,16.206268927128217,32.41143496274537,216.57401448016273,8.0,682
508000,10.303415031200586,15.756825712782572,26.060240743983158,210.56783738601564,8.0,683
508500,2.229206023797282,14.33184269361619,16.56104871741347,191.524941429234,8.0,683
509000,6.356478487514778,22.832348399155595,29.188826886670373,305.1222570136067,8.0,684
509500,10.760839279734522,23.457360677743022,34.218199957477545,313.4746679776434,8.0,683
510000,2.619587267834067,22.361428153255225,24.981015421089293,298.8290695678581,8.0,684
510500,20.805101698266718,9.521289393372998,30.326391091639714,127.23865537603324,8.0,685
511000,19.218685805735998,24.825131897255808,44.0438177029918,331.7530086143616,8.0,682
511500,17.189841389798573,22.869434577625942,40.05927596742451,305.6178616829582,8.0,682
512000,36.31871806321452,29.02295045206438,65.3416685152789,387.85095568423714,8.0,683
512500,29.280482291939517,21.160347391580423,50.44082968351994,282.7783127008426,8.0,683
513000,13.43762877525906,18.87600385744344,32.3136326327025,252.25127085892268,8.0,683
513500,14.327367856994774,18.925926142864885,33.25329399985966,252.91841206300631,8.0,679
514000,2.8158566976478983,17.293006857560446,20.108863555208345,231.0967400587563,8.0,679
514500,16.660492150715232,34.64696410392267,51.3074562546379,463.0079964288414,8.0,679
515000,7.050779293812603,19.261831557176738,26.31261085098934,257.40731597977174,8.0,678
515500,21.664407844604547,14.032441599154366,35.696849443758914,187.52386645886807,8.0,678
516000,21.699769182377256,24.16537874556653,45.86514792794379,322.93633469208044,8.0,678
516500,10.970391927004282,23.508599805840717,34.478991732845,314.1594069339373,8.0,677
517000,16.42189590634943,21.886150690416244,38.30804659676568,292.4776540395941,8.0,679
517500,23.828301829304973,27.695254937656852,51.523556766961825,370.10817054007526,8.0,678
518000,13.672826526409205,18.45259085441051,32.12541738081971,246.59295096664678,8.0,679
518500,10.112698959013427,26.728912015889804,36.84161097490323,357.1943550978762,8.0,680
519000,22.708766719000987,21.885826629381878,44.594593348382865,292.473323419174,8.0,679
519500,7.253319001926373,13.848939221221789,21.102258223148162,185.07161499776905,8.0,679
520000,3.637482306411467,25.833513756696217,29.470996063107684,345.2286153940573,8.0,680
520500,2.232032433867976,21.38647086849235,23.618503302360324,285.8001352673589,8.0,680
521000,2.032314376356915,17.65094752020876,19.683261896565675,235.88011411011928,8.0,678
521500,4.167892700931108,21.967969263749094,26.135861964680203,293.5710443174805,8.0,675
522000,9.200948308114375,20.716710930416593,29.917659238530966,276.8497347045098,8.0,673
522500,14.864905230948196,21.030437836507247,35.89534306745544,281.0422540195977,8.0,672
523000,6.591402200648002,26.21822446836075,32.80962666900875,350.3697335387302,8.0,669
523500,18.069659169245078,15.874387253864013,33.94404642310909,212.13888220916198,8.0,667
524000,12.90971986724489,24.755885750342742,37.66560561758763,330.8276311513762,8.0,666
524500,6.8395890241780375,16.271614476664208,23.111203500842244,217.44726593952433,8.0,667
525000,8.538647709946467,12.691838930532176,21.230486640478645,169.60859533311762,8.0,667
525500,10.173666536230506,23.493022479192373,33.666689015422875,313.9512378493522,8.0,667
526000,4.383518966703663,27.575327244322235,31.9588462110259,368.5055054164979,8.0,667
526500,9.201318625902774,26.860005432484726,36.0613240583875,358.94623442503934,8.0,664
527000,1.904820571862012,18.547175460102796,20.451996031964807,247.85694133080221,8.0,664
527500,16.11981808582684,10.636555415829067,26.756373501655908,142.14261882269162,8.0,664
528000,8.673127435509416,19.614947774904753,28.28807521041417,262.12621810309713,8.0,664
528500,7.584670249681729,17.967060091401592,25.55173034108332,240.10451448744962,8.0,664
529000,12.69175781358743,16.314544626058893,29.006302439646323,218.0209670695282,8.0,665
529500,16.16266607278308,27.985537495466666,44.14820356824974,373.9873890795878,8.0,665
530000,13.336864405401139,23.980878875879373,37.317743281280514,320.47075315515264,8.0,666
530500,9.623676033874958,28.214674078445533,37.83835011232049,377.049477575289,8.0,665
531000,14.946234945944758,25.833461066103627,40.77969601204838,345.22791125831736,8.0,665
531500,16.3203732128111,13.212979565098781,29.53335277790988,176.57290771398277,8.0,665
532000,8.232649444992703,12.386851898371624,20.619501343364327,165.53287215362417,8.0,665
532500,11.914039664502525,17.276045024229106,29.19008468873163,230.87006898757824,8.0,665
533000,21.85082952153861,13.57534827168197,35.42617779322058,181.41545635115463,8.0,665
533500,24.288366467854477,24.59045077269647,48.878817240550944,328.61682511049196,8.0,664
534000,10.273057154623146,31.488978695020524,41.76203584964367,420.8059583933717,8.0,664
534500,17.440904605407674,6.799785047195763,24.240689652603436,90.86957349006097,8.0,664
535000,13.213365578727325,16.43447061553383,29.647836194261153,219.62360942341485,8.0,664
535500,25.65085514482889,10.265750587729206,35.9166057325581,137.1873332741601,8.0,663
536000,4.228814181198966,14.369787357472473,18.59860153867144,192.03201854960065,8.0,664
536500,10.104750838262317,32.28098936041594,42.385740198678256,431.3900681651565,8.0,664
537000,16.369860802368194,23.512871001031705,39.8827318033999,314.21648545665596,8.0,665
537500,16.43214537366111,28.52652583674714,44.958671210408255,381.2169381747501,8.0,665
538000,17.3352223784847,23.83725009439353,41.172472472878226,318.55135628835046,8.0,664
538500,25.353683607623335,20.607016884877893,45.96070049250123,275.3838279054983,8.0,664
539000,9.278560897659572,34.34683445276528,43.62539535042485,458.99718532185796,8.0,664
539500,11.354416246554218,16.851505210958383,28.205921457512602,225.19669085963724,8.0,665
540000,14.716437204518693,13.1200624908401,27.836499695358793,175.33120156456374,8.0,665
540500,12.095623063968711,21.94433106164325,34.03995412561196,293.2551529578977,8.0,666
541000,5.650817321393694,21.659670934782522,27.310488256176214,289.4510703085309,8.0,665
541500,7.350279740123729,21.517113601339833,28.86739334146356,287.54599183944606,8.0,665
542000,19.964982027772027,24.37177583977672,44.33675786754875,325.69454186926214,8.0,664
542500,25.083037150919605,28.05526248564157,53.13829963656117,374.9191656099952,8.0,664
543000,14.826128052062936,34.381396268226695,49.20752432028963,459.45905542631317,8.0,665
543500,24.279689368584428,13.607076347552418,37.88676571613685,181.8394575073672,8.0,665
544000,5.82353145514282,22.643145337341014,28.466676792483835,302.5938239218584,8.0,665
544500,18.41426788494077,28.611825777733547,47.02609366267431,382.35685204002124,8.0,665
545000,23.75440917070102,21.167189195123512,44.921598365824536,282.8697437924945,8.0,666
545500,13.608281997010257,13.573019817069891,27.18130181408015,181.38433982673186,8.0,665
546000,18.07389843234186,24.40037190575,42.474270338091856,326.07668811365807,8.0,666
546500,6.214316583785455,27.71562820995361,33.92994479373907,370.3804306999706,8.0,666
547000,3.639667755646785,20.316865777038323,23.956533532685107,271.50636601015157,8.0,666
547500,11.82583709073722,14.952070724479643,26.777907815216864,199.81341764428512,8.0,665
548000,6.664482198671188,15.390374621763515,22.054856820434704,205.67073341658917,8.0,665
548500,9.79719864289727,18.287864199138873,28.085062842036145,244.39161065911,8.0,665
549000,12.102906260494418,24.066179615238237,36.169085875732655,321.61067768955,8.0,666
549500,19.357802219478593,16.72816579244815,36.08596801192674,223.54843282254544,8.0,665
550000,8.907566408668806,22.648801226552198,31.556367635221005,302.6694069346684,8.0,665
